26-Nov-2023 20:45:13.098 INFO [main] org.apache.catalina.startup.VersionLoggerListener.log Server version name:   Apache Tomcat/8.5.93
26-Nov-2023 20:45:13.101 INFO [main] org.apache.catalina.startup.VersionLoggerListener.log Server built:          Aug 23 2023 22:43:14 UTC
26-Nov-2023 20:45:13.101 INFO [main] org.apache.catalina.startup.VersionLoggerListener.log Server version number: 8.5.93.0
26-Nov-2023 20:45:13.101 INFO [main] org.apache.catalina.startup.VersionLoggerListener.log OS Name:               Windows 10
26-Nov-2023 20:45:13.101 INFO [main] org.apache.catalina.startup.VersionLoggerListener.log OS Version:            10.0
26-Nov-2023 20:45:13.101 INFO [main] org.apache.catalina.startup.VersionLoggerListener.log Architecture:          amd64
26-Nov-2023 20:45:13.102 INFO [main] org.apache.catalina.startup.VersionLoggerListener.log Java Home:             C:\Program Files\Eclipse Adoptium\jdk-17.0.5.8-hotspot
26-Nov-2023 20:45:13.102 INFO [main] org.apache.catalina.startup.VersionLoggerListener.log JVM Version:           17.0.5+8
26-Nov-2023 20:45:13.102 INFO [main] org.apache.catalina.startup.VersionLoggerListener.log JVM Vendor:            Eclipse Adoptium
26-Nov-2023 20:45:13.102 INFO [main] org.apache.catalina.startup.VersionLoggerListener.log CATALINA_BASE:         D:\ITAcademy\7 Java Web Application Development\Projects\MyWebApplication\src
26-Nov-2023 20:45:13.102 INFO [main] org.apache.catalina.startup.VersionLoggerListener.log CATALINA_HOME:         C:\Users\medak\Downloads\apache-tomcat-8.5.93-windows-x64\apache-tomcat-8.5.93
26-Nov-2023 20:45:13.103 INFO [main] org.apache.catalina.startup.VersionLoggerListener.log Command line argument: --add-opens=java.base/java.lang=ALL-UNNAMED
26-Nov-2023 20:45:13.103 INFO [main] org.apache.catalina.startup.VersionLoggerListener.log Command line argument: --add-opens=java.base/java.io=ALL-UNNAMED
26-Nov-2023 20:45:13.103 INFO [main] org.apache.catalina.startup.VersionLoggerListener.log Command line argument: --add-opens=java.base/java.util=ALL-UNNAMED
26-Nov-2023 20:45:13.103 INFO [main] org.apache.catalina.startup.VersionLoggerListener.log Command line argument: --add-opens=java.base/java.util.concurrent=ALL-UNNAMED
26-Nov-2023 20:45:13.103 INFO [main] org.apache.catalina.startup.VersionLoggerListener.log Command line argument: --add-opens=java.rmi/sun.rmi.transport=ALL-UNNAMED
26-Nov-2023 20:45:13.104 INFO [main] org.apache.catalina.startup.VersionLoggerListener.log Command line argument: -Dcatalina.home=C:\Users\medak\Downloads\apache-tomcat-8.5.93-windows-x64\apache-tomcat-8.5.93
26-Nov-2023 20:45:13.104 INFO [main] org.apache.catalina.startup.VersionLoggerListener.log Command line argument: -Dcatalina.base=D:\ITAcademy\7 Java Web Application Development\Projects\MyWebApplication\src
26-Nov-2023 20:45:13.104 INFO [main] org.apache.catalina.startup.VersionLoggerListener.log Command line argument: -Djava.io.tmpdir=D:\ITAcademy\7 Java Web Application Development\Projects\MyWebApplication\src\temp
26-Nov-2023 20:45:13.104 INFO [main] org.apache.catalina.startup.VersionLoggerListener.log Command line argument: -Djava.util.logging.config.file=D:\ITAcademy\7 Java Web Application Development\Projects\MyWebApplication\src\conf\logging.properties
26-Nov-2023 20:45:13.104 INFO [main] org.apache.catalina.startup.VersionLoggerListener.log Command line argument: -Djava.util.logging.manager=org.apache.juli.ClassLoaderLogManager
26-Nov-2023 20:45:13.104 INFO [main] org.apache.catalina.startup.VersionLoggerListener.log Command line argument: -javaagent:C:\Program Files\JetBrains\IntelliJ IDEA Community Edition 2022.2.3\lib\idea_rt.jar=50386:C:\Program Files\JetBrains\IntelliJ IDEA Community Edition 2022.2.3\bin
26-Nov-2023 20:45:13.104 INFO [main] org.apache.catalina.startup.VersionLoggerListener.log Command line argument: -Dfile.encoding=UTF-8
26-Nov-2023 20:45:13.104 INFO [main] org.apache.catalina.core.AprLifecycleListener.lifecycleEvent The Apache Tomcat Native library which allows using OpenSSL was not found on the java.library.path: [C:\Program Files\Eclipse Adoptium\jdk-17.0.5.8-hotspot\bin;C:\Windows\Sun\Java\bin;C:\Windows\system32;C:\Windows;C:\Program Files\Eclipse Adoptium\jdk-17.0.5.8-hotspot\bin;C:\Windows\system32;C:\Windows;C:\Windows\System32\Wbem;C:\Windows\System32\WindowsPowerShell\v1.0\;C:\Windows\System32\OpenSSH\;C:\Java\jdk-17\bin;C:\Program Files\MySQL\MySQL Server 8.0\bin;C:\Program Files\Docker\Docker\resources\bin;C:\Program Files\dotnet\;C:\Program Files\MySQL\MySQL Shell 8.0\bin\;C:\Users\medak\AppData\Local\Microsoft\WindowsApps;C:\Users\medak\AppData\Local\atom\bin;C:\Program Files\MySQL\MySQL Server 8.0\bin;;.]
26-Nov-2023 20:45:13.144 INFO [main] org.apache.coyote.AbstractProtocol.init Initializing ProtocolHandler ["http-nio-8082"]
26-Nov-2023 20:45:13.159 INFO [main] org.apache.catalina.startup.Catalina.load Initialization processed in 381 ms
26-Nov-2023 20:45:13.189 INFO [main] org.apache.catalina.core.StandardService.startInternal Starting service [Catalina]
26-Nov-2023 20:45:13.189 INFO [main] org.apache.catalina.core.StandardEngine.startInternal Starting Servlet engine: [Apache Tomcat/8.5.93]
26-Nov-2023 20:45:13.196 INFO [localhost-startStop-1] org.apache.catalina.startup.HostConfig.deployDescriptor Deploying deployment descriptor [D:\ITAcademy\7 Java Web Application Development\Projects\MyWebApplication\src\conf\Catalina\localhost\MyWebApplication.xml]
26-Nov-2023 20:45:14.538 INFO [localhost-startStop-1] org.apache.jasper.servlet.TldScanner.scanJars At least one JAR was scanned for TLDs yet contained no TLDs. Enable debug logging for this logger for a complete list of JARs that were scanned but no TLDs were found in them. Skipping unneeded JARs during scanning can improve startup time and JSP compilation time.
26-Nov-2023 20:45:14.636 INFO [localhost-startStop-1] com.sun.faces.config.ConfigureListener.contextInitialized Initializing Mojarra 2.2.20 ( 20190731-0757 59754ac80c05d61848a08939ddd11a324f2345ac) for context '/MyWebApplication'
26-Nov-2023 20:45:14.753 INFO [localhost-startStop-1] com.sun.faces.spi.InjectionProviderFactory.createInstance JSF1048: PostConstruct/PreDestroy annotations present.  ManagedBeans methods marked with these annotations will have said annotations processed.
26-Nov-2023 20:45:15.140 INFO [localhost-startStop-1] org.apache.catalina.startup.HostConfig.deployDescriptor Deployment of deployment descriptor [D:\ITAcademy\7 Java Web Application Development\Projects\MyWebApplication\src\conf\Catalina\localhost\MyWebApplication.xml] has finished in [1,943] ms
26-Nov-2023 20:45:15.141 INFO [main] org.apache.coyote.AbstractProtocol.start Starting ProtocolHandler ["http-nio-8082"]
26-Nov-2023 20:45:15.152 INFO [main] org.apache.catalina.startup.Catalina.start Server startup in 1993 ms
26-Nov-2023 20:45:18.039 INFO [http-nio-8082-exec-2] org.hibernate.Version.logVersion HHH000412: Hibernate ORM core version 6.2.3.Final
26-Nov-2023 20:45:18.044 INFO [http-nio-8082-exec-2] org.hibernate.cfg.Environment.<clinit> HHH000406: Using bytecode reflection optimizer
26-Nov-2023 20:45:18.679 WARN [http-nio-8082-exec-2] org.hibernate.engine.jdbc.connections.internal.DriverManagerConnectionProviderImpl.configure HHH10001002: Using built-in connection pool (not intended for production use)
26-Nov-2023 20:45:18.687 INFO [http-nio-8082-exec-2] org.hibernate.engine.jdbc.connections.internal.DriverManagerConnectionProviderImpl.buildCreator HHH10001005: Loaded JDBC driver class: com.mysql.cj.jdbc.Driver
26-Nov-2023 20:45:18.688 INFO [http-nio-8082-exec-2] org.hibernate.engine.jdbc.connections.internal.DriverManagerConnectionProviderImpl.buildCreator HHH10001012: Connecting with JDBC URL [jdbc:mysql://localhost:3306/webshop?serverTimezone=UTC]
26-Nov-2023 20:45:18.688 INFO [http-nio-8082-exec-2] org.hibernate.engine.jdbc.connections.internal.DriverManagerConnectionProviderImpl.buildCreator HHH10001001: Connection properties: {password=****, user=root}
26-Nov-2023 20:45:18.688 INFO [http-nio-8082-exec-2] org.hibernate.engine.jdbc.connections.internal.DriverManagerConnectionProviderImpl.buildCreator HHH10001003: Autocommit mode: false
26-Nov-2023 20:45:18.692 INFO [http-nio-8082-exec-2] org.hibernate.engine.jdbc.connections.internal.DriverManagerConnectionProviderImpl$PooledConnections.<init> HHH10001115: Connection pool size: 50 (min=1)
26-Nov-2023 20:45:19.434 INFO [http-nio-8082-exec-2] org.hibernate.bytecode.internal.BytecodeProviderInitiator.buildBytecodeProvider HHH000021: Bytecode provider name : bytebuddy
26-Nov-2023 20:45:20.927 INFO [http-nio-8082-exec-2] org.hibernate.resource.transaction.backend.jdbc.internal.DdlTransactionIsolatorNonJtaImpl.getIsolatedConnection HHH10001501: Connection obtained from JdbcConnectionAccess [org.hibernate.engine.jdbc.env.internal.JdbcEnvironmentInitiator$ConnectionProviderJdbcConnectionAccess@64064d24] for (non-JTA) DDL execution was not in auto-commit mode; the Connection 'local transaction' will be committed and the Connection will be set into auto-commit mode.
26-Nov-2023 20:45:32.201 WARN [http-nio-8082-exec-8] org.hibernate.engine.jdbc.connections.internal.DriverManagerConnectionProviderImpl.configure HHH10001002: Using built-in connection pool (not intended for production use)
26-Nov-2023 20:45:32.202 INFO [http-nio-8082-exec-8] org.hibernate.engine.jdbc.connections.internal.DriverManagerConnectionProviderImpl.buildCreator HHH10001005: Loaded JDBC driver class: com.mysql.cj.jdbc.Driver
26-Nov-2023 20:45:32.202 INFO [http-nio-8082-exec-8] org.hibernate.engine.jdbc.connections.internal.DriverManagerConnectionProviderImpl.buildCreator HHH10001012: Connecting with JDBC URL [jdbc:mysql://localhost:3306/webshop?serverTimezone=UTC]
26-Nov-2023 20:45:32.202 INFO [http-nio-8082-exec-8] org.hibernate.engine.jdbc.connections.internal.DriverManagerConnectionProviderImpl.buildCreator HHH10001001: Connection properties: {password=****, user=root}
26-Nov-2023 20:45:32.202 INFO [http-nio-8082-exec-8] org.hibernate.engine.jdbc.connections.internal.DriverManagerConnectionProviderImpl.buildCreator HHH10001003: Autocommit mode: false
26-Nov-2023 20:45:32.202 INFO [http-nio-8082-exec-8] org.hibernate.engine.jdbc.connections.internal.DriverManagerConnectionProviderImpl$PooledConnections.<init> HHH10001115: Connection pool size: 50 (min=1)
26-Nov-2023 20:45:32.230 INFO [http-nio-8082-exec-8] org.hibernate.bytecode.internal.BytecodeProviderInitiator.buildBytecodeProvider HHH000021: Bytecode provider name : bytebuddy
26-Nov-2023 20:45:32.276 INFO [http-nio-8082-exec-8] org.hibernate.resource.transaction.backend.jdbc.internal.DdlTransactionIsolatorNonJtaImpl.getIsolatedConnection HHH10001501: Connection obtained from JdbcConnectionAccess [org.hibernate.engine.jdbc.env.internal.JdbcEnvironmentInitiator$ConnectionProviderJdbcConnectionAccess@e6b6094] for (non-JTA) DDL execution was not in auto-commit mode; the Connection 'local transaction' will be committed and the Connection will be set into auto-commit mode.
26-Nov-2023 20:45:38.273 WARN [http-nio-8082-exec-10] org.hibernate.engine.jdbc.connections.internal.DriverManagerConnectionProviderImpl.configure HHH10001002: Using built-in connection pool (not intended for production use)
26-Nov-2023 20:45:38.273 INFO [http-nio-8082-exec-10] org.hibernate.engine.jdbc.connections.internal.DriverManagerConnectionProviderImpl.buildCreator HHH10001005: Loaded JDBC driver class: com.mysql.cj.jdbc.Driver
26-Nov-2023 20:45:38.273 INFO [http-nio-8082-exec-10] org.hibernate.engine.jdbc.connections.internal.DriverManagerConnectionProviderImpl.buildCreator HHH10001012: Connecting with JDBC URL [jdbc:mysql://localhost:3306/webshop?serverTimezone=UTC]
26-Nov-2023 20:45:38.273 INFO [http-nio-8082-exec-10] org.hibernate.engine.jdbc.connections.internal.DriverManagerConnectionProviderImpl.buildCreator HHH10001001: Connection properties: {password=****, user=root}
26-Nov-2023 20:45:38.273 INFO [http-nio-8082-exec-10] org.hibernate.engine.jdbc.connections.internal.DriverManagerConnectionProviderImpl.buildCreator HHH10001003: Autocommit mode: false
26-Nov-2023 20:45:38.273 INFO [http-nio-8082-exec-10] org.hibernate.engine.jdbc.connections.internal.DriverManagerConnectionProviderImpl$PooledConnections.<init> HHH10001115: Connection pool size: 50 (min=1)
26-Nov-2023 20:45:38.296 INFO [http-nio-8082-exec-10] org.hibernate.bytecode.internal.BytecodeProviderInitiator.buildBytecodeProvider HHH000021: Bytecode provider name : bytebuddy
26-Nov-2023 20:45:38.328 INFO [http-nio-8082-exec-10] org.hibernate.resource.transaction.backend.jdbc.internal.DdlTransactionIsolatorNonJtaImpl.getIsolatedConnection HHH10001501: Connection obtained from JdbcConnectionAccess [org.hibernate.engine.jdbc.env.internal.JdbcEnvironmentInitiator$ConnectionProviderJdbcConnectionAccess@4f1ecbaa] for (non-JTA) DDL execution was not in auto-commit mode; the Connection 'local transaction' will be committed and the Connection will be set into auto-commit mode.
26-Nov-2023 20:47:09.016 WARN [http-nio-8082-exec-1] org.hibernate.engine.jdbc.connections.internal.DriverManagerConnectionProviderImpl.configure HHH10001002: Using built-in connection pool (not intended for production use)
26-Nov-2023 20:47:09.016 INFO [http-nio-8082-exec-1] org.hibernate.engine.jdbc.connections.internal.DriverManagerConnectionProviderImpl.buildCreator HHH10001005: Loaded JDBC driver class: com.mysql.cj.jdbc.Driver
26-Nov-2023 20:47:09.016 INFO [http-nio-8082-exec-1] org.hibernate.engine.jdbc.connections.internal.DriverManagerConnectionProviderImpl.buildCreator HHH10001012: Connecting with JDBC URL [jdbc:mysql://localhost:3306/webshop?serverTimezone=UTC]
26-Nov-2023 20:47:09.016 INFO [http-nio-8082-exec-1] org.hibernate.engine.jdbc.connections.internal.DriverManagerConnectionProviderImpl.buildCreator HHH10001001: Connection properties: {password=****, user=root}
26-Nov-2023 20:47:09.017 INFO [http-nio-8082-exec-1] org.hibernate.engine.jdbc.connections.internal.DriverManagerConnectionProviderImpl.buildCreator HHH10001003: Autocommit mode: false
26-Nov-2023 20:47:09.017 INFO [http-nio-8082-exec-1] org.hibernate.engine.jdbc.connections.internal.DriverManagerConnectionProviderImpl$PooledConnections.<init> HHH10001115: Connection pool size: 50 (min=1)
26-Nov-2023 20:47:09.045 INFO [http-nio-8082-exec-1] org.hibernate.bytecode.internal.BytecodeProviderInitiator.buildBytecodeProvider HHH000021: Bytecode provider name : bytebuddy
26-Nov-2023 20:47:09.070 INFO [http-nio-8082-exec-1] org.hibernate.resource.transaction.backend.jdbc.internal.DdlTransactionIsolatorNonJtaImpl.getIsolatedConnection HHH10001501: Connection obtained from JdbcConnectionAccess [org.hibernate.engine.jdbc.env.internal.JdbcEnvironmentInitiator$ConnectionProviderJdbcConnectionAccess@7d688b69] for (non-JTA) DDL execution was not in auto-commit mode; the Connection 'local transaction' will be committed and the Connection will be set into auto-commit mode.
26-Nov-2023 22:29:48.176 INFO [Thread-1] org.apache.coyote.AbstractProtocol.pause Pausing ProtocolHandler ["http-nio-8082"]
26-Nov-2023 22:29:48.180 INFO [Thread-1] org.apache.catalina.core.StandardService.stopInternal Stopping service [Catalina]
26-Nov-2023 22:29:48.185 WARNING [localhost-startStop-2] org.apache.catalina.loader.WebappClassLoaderBase.clearReferencesJdbc The web application [MyWebApplication] registered the JDBC driver [com.mysql.cj.jdbc.Driver] but failed to unregister it when the web application was stopped. To prevent a memory leak, the JDBC Driver has been forcibly unregistered.
26-Nov-2023 22:29:48.186 WARNING [localhost-startStop-2] org.apache.catalina.loader.WebappClassLoaderBase.clearReferencesThreads The web application [MyWebApplication] appears to have started a thread named [mysql-cj-abandoned-connection-cleanup] but has failed to stop it. This is very likely to create a memory leak. Stack trace of thread:
 java.base@17.0.5/java.lang.Object.wait(Native Method)
 java.base@17.0.5/java.lang.ref.ReferenceQueue.remove(ReferenceQueue.java:155)
 com.mysql.cj.jdbc.AbandonedConnectionCleanupThread.run(AbandonedConnectionCleanupThread.java:91)
 java.base@17.0.5/java.util.concurrent.ThreadPoolExecutor.runWorker(ThreadPoolExecutor.java:1136)
 java.base@17.0.5/java.util.concurrent.ThreadPoolExecutor$Worker.run(ThreadPoolExecutor.java:635)
 java.base@17.0.5/java.lang.Thread.run(Thread.java:833)
26-Nov-2023 22:29:48.186 WARNING [localhost-startStop-2] org.apache.catalina.loader.WebappClassLoaderBase.clearReferencesThreads The web application [MyWebApplication] appears to have started a thread named [Hibernate Connection Pool Validation Thread] but has failed to stop it. This is very likely to create a memory leak. Stack trace of thread:
 java.base@17.0.5/jdk.internal.misc.Unsafe.park(Native Method)
 java.base@17.0.5/java.util.concurrent.locks.LockSupport.parkNanos(LockSupport.java:252)
 java.base@17.0.5/java.util.concurrent.locks.AbstractQueuedSynchronizer$ConditionObject.awaitNanos(AbstractQueuedSynchronizer.java:1672)
 java.base@17.0.5/java.util.concurrent.ScheduledThreadPoolExecutor$DelayedWorkQueue.take(ScheduledThreadPoolExecutor.java:1182)
 java.base@17.0.5/java.util.concurrent.ScheduledThreadPoolExecutor$DelayedWorkQueue.take(ScheduledThreadPoolExecutor.java:899)
 java.base@17.0.5/java.util.concurrent.ThreadPoolExecutor.getTask(ThreadPoolExecutor.java:1062)
 java.base@17.0.5/java.util.concurrent.ThreadPoolExecutor.runWorker(ThreadPoolExecutor.java:1122)
 java.base@17.0.5/java.util.concurrent.ThreadPoolExecutor$Worker.run(ThreadPoolExecutor.java:635)
 java.base@17.0.5/java.lang.Thread.run(Thread.java:833)
26-Nov-2023 22:29:48.186 WARNING [localhost-startStop-2] org.apache.catalina.loader.WebappClassLoaderBase.clearReferencesThreads The web application [MyWebApplication] appears to have started a thread named [Hibernate Connection Pool Validation Thread] but has failed to stop it. This is very likely to create a memory leak. Stack trace of thread:
 java.base@17.0.5/jdk.internal.misc.Unsafe.park(Native Method)
 java.base@17.0.5/java.util.concurrent.locks.LockSupport.parkNanos(LockSupport.java:252)
 java.base@17.0.5/java.util.concurrent.locks.AbstractQueuedSynchronizer$ConditionObject.awaitNanos(AbstractQueuedSynchronizer.java:1672)
 java.base@17.0.5/java.util.concurrent.ScheduledThreadPoolExecutor$DelayedWorkQueue.take(ScheduledThreadPoolExecutor.java:1182)
 java.base@17.0.5/java.util.concurrent.ScheduledThreadPoolExecutor$DelayedWorkQueue.take(ScheduledThreadPoolExecutor.java:899)
 java.base@17.0.5/java.util.concurrent.ThreadPoolExecutor.getTask(ThreadPoolExecutor.java:1062)
 java.base@17.0.5/java.util.concurrent.ThreadPoolExecutor.runWorker(ThreadPoolExecutor.java:1122)
 java.base@17.0.5/java.util.concurrent.ThreadPoolExecutor$Worker.run(ThreadPoolExecutor.java:635)
 java.base@17.0.5/java.lang.Thread.run(Thread.java:833)
26-Nov-2023 22:29:48.188 WARNING [localhost-startStop-2] org.apache.catalina.loader.WebappClassLoaderBase.clearReferencesThreads The web application [MyWebApplication] appears to have started a thread named [Hibernate Connection Pool Validation Thread] but has failed to stop it. This is very likely to create a memory leak. Stack trace of thread:
 java.base@17.0.5/jdk.internal.misc.Unsafe.park(Native Method)
 java.base@17.0.5/java.util.concurrent.locks.LockSupport.parkNanos(LockSupport.java:252)
 java.base@17.0.5/java.util.concurrent.locks.AbstractQueuedSynchronizer$ConditionObject.awaitNanos(AbstractQueuedSynchronizer.java:1672)
 java.base@17.0.5/java.util.concurrent.ScheduledThreadPoolExecutor$DelayedWorkQueue.take(ScheduledThreadPoolExecutor.java:1182)
 java.base@17.0.5/java.util.concurrent.ScheduledThreadPoolExecutor$DelayedWorkQueue.take(ScheduledThreadPoolExecutor.java:899)
 java.base@17.0.5/java.util.concurrent.ThreadPoolExecutor.getTask(ThreadPoolExecutor.java:1062)
 java.base@17.0.5/java.util.concurrent.ThreadPoolExecutor.runWorker(ThreadPoolExecutor.java:1122)
 java.base@17.0.5/java.util.concurrent.ThreadPoolExecutor$Worker.run(ThreadPoolExecutor.java:635)
 java.base@17.0.5/java.lang.Thread.run(Thread.java:833)
26-Nov-2023 22:29:48.188 WARNING [localhost-startStop-2] org.apache.catalina.loader.WebappClassLoaderBase.clearReferencesThreads The web application [MyWebApplication] appears to have started a thread named [Hibernate Connection Pool Validation Thread] but has failed to stop it. This is very likely to create a memory leak. Stack trace of thread:
 java.base@17.0.5/jdk.internal.misc.Unsafe.park(Native Method)
 java.base@17.0.5/java.util.concurrent.locks.LockSupport.parkNanos(LockSupport.java:252)
 java.base@17.0.5/java.util.concurrent.locks.AbstractQueuedSynchronizer$ConditionObject.awaitNanos(AbstractQueuedSynchronizer.java:1672)
 java.base@17.0.5/java.util.concurrent.ScheduledThreadPoolExecutor$DelayedWorkQueue.take(ScheduledThreadPoolExecutor.java:1182)
 java.base@17.0.5/java.util.concurrent.ScheduledThreadPoolExecutor$DelayedWorkQueue.take(ScheduledThreadPoolExecutor.java:899)
 java.base@17.0.5/java.util.concurrent.ThreadPoolExecutor.getTask(ThreadPoolExecutor.java:1062)
 java.base@17.0.5/java.util.concurrent.ThreadPoolExecutor.runWorker(ThreadPoolExecutor.java:1122)
 java.base@17.0.5/java.util.concurrent.ThreadPoolExecutor$Worker.run(ThreadPoolExecutor.java:635)
 java.base@17.0.5/java.lang.Thread.run(Thread.java:833)
26-Nov-2023 22:29:48.193 INFO [Thread-1] org.apache.coyote.AbstractProtocol.stop Stopping ProtocolHandler ["http-nio-8082"]
26-Nov-2023 22:29:48.203 INFO [Thread-1] org.apache.coyote.AbstractProtocol.destroy Destroying ProtocolHandler ["http-nio-8082"]
26-Nov-2023 22:29:49.807 INFO [main] org.apache.catalina.startup.VersionLoggerListener.log Server version name:   Apache Tomcat/8.5.93
26-Nov-2023 22:29:49.810 INFO [main] org.apache.catalina.startup.VersionLoggerListener.log Server built:          Aug 23 2023 22:43:14 UTC
26-Nov-2023 22:29:49.810 INFO [main] org.apache.catalina.startup.VersionLoggerListener.log Server version number: 8.5.93.0
26-Nov-2023 22:29:49.810 INFO [main] org.apache.catalina.startup.VersionLoggerListener.log OS Name:               Windows 10
26-Nov-2023 22:29:49.810 INFO [main] org.apache.catalina.startup.VersionLoggerListener.log OS Version:            10.0
26-Nov-2023 22:29:49.810 INFO [main] org.apache.catalina.startup.VersionLoggerListener.log Architecture:          amd64
26-Nov-2023 22:29:49.810 INFO [main] org.apache.catalina.startup.VersionLoggerListener.log Java Home:             C:\Program Files\Eclipse Adoptium\jdk-17.0.5.8-hotspot
26-Nov-2023 22:29:49.811 INFO [main] org.apache.catalina.startup.VersionLoggerListener.log JVM Version:           17.0.5+8
26-Nov-2023 22:29:49.811 INFO [main] org.apache.catalina.startup.VersionLoggerListener.log JVM Vendor:            Eclipse Adoptium
26-Nov-2023 22:29:49.811 INFO [main] org.apache.catalina.startup.VersionLoggerListener.log CATALINA_BASE:         D:\ITAcademy\7 Java Web Application Development\Projects\MyWebApplication\src
26-Nov-2023 22:29:49.811 INFO [main] org.apache.catalina.startup.VersionLoggerListener.log CATALINA_HOME:         C:\Users\medak\Downloads\apache-tomcat-8.5.93-windows-x64\apache-tomcat-8.5.93
26-Nov-2023 22:29:49.811 INFO [main] org.apache.catalina.startup.VersionLoggerListener.log Command line argument: --add-opens=java.base/java.lang=ALL-UNNAMED
26-Nov-2023 22:29:49.811 INFO [main] org.apache.catalina.startup.VersionLoggerListener.log Command line argument: --add-opens=java.base/java.io=ALL-UNNAMED
26-Nov-2023 22:29:49.812 INFO [main] org.apache.catalina.startup.VersionLoggerListener.log Command line argument: --add-opens=java.base/java.util=ALL-UNNAMED
26-Nov-2023 22:29:49.812 INFO [main] org.apache.catalina.startup.VersionLoggerListener.log Command line argument: --add-opens=java.base/java.util.concurrent=ALL-UNNAMED
26-Nov-2023 22:29:49.813 INFO [main] org.apache.catalina.startup.VersionLoggerListener.log Command line argument: --add-opens=java.rmi/sun.rmi.transport=ALL-UNNAMED
26-Nov-2023 22:29:49.813 INFO [main] org.apache.catalina.startup.VersionLoggerListener.log Command line argument: -Dcatalina.home=C:\Users\medak\Downloads\apache-tomcat-8.5.93-windows-x64\apache-tomcat-8.5.93
26-Nov-2023 22:29:49.813 INFO [main] org.apache.catalina.startup.VersionLoggerListener.log Command line argument: -Dcatalina.base=D:\ITAcademy\7 Java Web Application Development\Projects\MyWebApplication\src
26-Nov-2023 22:29:49.813 INFO [main] org.apache.catalina.startup.VersionLoggerListener.log Command line argument: -Djava.io.tmpdir=D:\ITAcademy\7 Java Web Application Development\Projects\MyWebApplication\src\temp
26-Nov-2023 22:29:49.813 INFO [main] org.apache.catalina.startup.VersionLoggerListener.log Command line argument: -Djava.util.logging.config.file=D:\ITAcademy\7 Java Web Application Development\Projects\MyWebApplication\src\conf\logging.properties
26-Nov-2023 22:29:49.813 INFO [main] org.apache.catalina.startup.VersionLoggerListener.log Command line argument: -Djava.util.logging.manager=org.apache.juli.ClassLoaderLogManager
26-Nov-2023 22:29:49.813 INFO [main] org.apache.catalina.startup.VersionLoggerListener.log Command line argument: -javaagent:C:\Program Files\JetBrains\IntelliJ IDEA Community Edition 2022.2.3\lib\idea_rt.jar=61995:C:\Program Files\JetBrains\IntelliJ IDEA Community Edition 2022.2.3\bin
26-Nov-2023 22:29:49.813 INFO [main] org.apache.catalina.startup.VersionLoggerListener.log Command line argument: -Dfile.encoding=UTF-8
26-Nov-2023 22:29:49.814 INFO [main] org.apache.catalina.core.AprLifecycleListener.lifecycleEvent The Apache Tomcat Native library which allows using OpenSSL was not found on the java.library.path: [C:\Program Files\Eclipse Adoptium\jdk-17.0.5.8-hotspot\bin;C:\Windows\Sun\Java\bin;C:\Windows\system32;C:\Windows;C:\Program Files\Eclipse Adoptium\jdk-17.0.5.8-hotspot\bin;C:\Windows\system32;C:\Windows;C:\Windows\System32\Wbem;C:\Windows\System32\WindowsPowerShell\v1.0\;C:\Windows\System32\OpenSSH\;C:\Java\jdk-17\bin;C:\Program Files\MySQL\MySQL Server 8.0\bin;C:\Program Files\Docker\Docker\resources\bin;C:\Program Files\dotnet\;C:\Program Files\MySQL\MySQL Shell 8.0\bin\;C:\Users\medak\AppData\Local\Microsoft\WindowsApps;C:\Users\medak\AppData\Local\atom\bin;C:\Program Files\MySQL\MySQL Server 8.0\bin;;.]
26-Nov-2023 22:29:49.858 INFO [main] org.apache.coyote.AbstractProtocol.init Initializing ProtocolHandler ["http-nio-8082"]
26-Nov-2023 22:29:49.874 INFO [main] org.apache.catalina.startup.Catalina.load Initialization processed in 362 ms
26-Nov-2023 22:29:49.903 INFO [main] org.apache.catalina.core.StandardService.startInternal Starting service [Catalina]
26-Nov-2023 22:29:49.903 INFO [main] org.apache.catalina.core.StandardEngine.startInternal Starting Servlet engine: [Apache Tomcat/8.5.93]
26-Nov-2023 22:29:49.908 INFO [localhost-startStop-1] org.apache.catalina.startup.HostConfig.deployDescriptor Deploying deployment descriptor [D:\ITAcademy\7 Java Web Application Development\Projects\MyWebApplication\src\conf\Catalina\localhost\MyWebApplication.xml]
26-Nov-2023 22:29:51.083 INFO [localhost-startStop-1] org.apache.jasper.servlet.TldScanner.scanJars At least one JAR was scanned for TLDs yet contained no TLDs. Enable debug logging for this logger for a complete list of JARs that were scanned but no TLDs were found in them. Skipping unneeded JARs during scanning can improve startup time and JSP compilation time.
26-Nov-2023 22:29:51.188 INFO [localhost-startStop-1] com.sun.faces.config.ConfigureListener.contextInitialized Initializing Mojarra 2.2.20 ( 20190731-0757 59754ac80c05d61848a08939ddd11a324f2345ac) for context '/MyWebApplication'
26-Nov-2023 22:29:51.298 INFO [localhost-startStop-1] com.sun.faces.spi.InjectionProviderFactory.createInstance JSF1048: PostConstruct/PreDestroy annotations present.  ManagedBeans methods marked with these annotations will have said annotations processed.
26-Nov-2023 22:29:51.681 INFO [localhost-startStop-1] org.apache.catalina.startup.HostConfig.deployDescriptor Deployment of deployment descriptor [D:\ITAcademy\7 Java Web Application Development\Projects\MyWebApplication\src\conf\Catalina\localhost\MyWebApplication.xml] has finished in [1,773] ms
26-Nov-2023 22:29:51.683 INFO [main] org.apache.coyote.AbstractProtocol.start Starting ProtocolHandler ["http-nio-8082"]
26-Nov-2023 22:29:51.695 INFO [main] org.apache.catalina.startup.Catalina.start Server startup in 1820 ms
26-Nov-2023 22:29:53.598 INFO [http-nio-8082-exec-2] org.hibernate.Version.logVersion HHH000412: Hibernate ORM core version 6.2.3.Final
26-Nov-2023 22:29:53.602 INFO [http-nio-8082-exec-2] org.hibernate.cfg.Environment.<clinit> HHH000406: Using bytecode reflection optimizer
26-Nov-2023 22:29:54.135 WARN [http-nio-8082-exec-2] org.hibernate.engine.jdbc.connections.internal.DriverManagerConnectionProviderImpl.configure HHH10001002: Using built-in connection pool (not intended for production use)
26-Nov-2023 22:29:54.143 INFO [http-nio-8082-exec-2] org.hibernate.engine.jdbc.connections.internal.DriverManagerConnectionProviderImpl.buildCreator HHH10001005: Loaded JDBC driver class: com.mysql.cj.jdbc.Driver
26-Nov-2023 22:29:54.143 INFO [http-nio-8082-exec-2] org.hibernate.engine.jdbc.connections.internal.DriverManagerConnectionProviderImpl.buildCreator HHH10001012: Connecting with JDBC URL [jdbc:mysql://localhost:3306/webshop?serverTimezone=UTC]
26-Nov-2023 22:29:54.143 INFO [http-nio-8082-exec-2] org.hibernate.engine.jdbc.connections.internal.DriverManagerConnectionProviderImpl.buildCreator HHH10001001: Connection properties: {password=****, user=root}
26-Nov-2023 22:29:54.144 INFO [http-nio-8082-exec-2] org.hibernate.engine.jdbc.connections.internal.DriverManagerConnectionProviderImpl.buildCreator HHH10001003: Autocommit mode: false
26-Nov-2023 22:29:54.148 INFO [http-nio-8082-exec-2] org.hibernate.engine.jdbc.connections.internal.DriverManagerConnectionProviderImpl$PooledConnections.<init> HHH10001115: Connection pool size: 50 (min=1)
26-Nov-2023 22:29:54.750 INFO [http-nio-8082-exec-2] org.hibernate.bytecode.internal.BytecodeProviderInitiator.buildBytecodeProvider HHH000021: Bytecode provider name : bytebuddy
26-Nov-2023 22:29:55.813 INFO [http-nio-8082-exec-2] org.hibernate.resource.transaction.backend.jdbc.internal.DdlTransactionIsolatorNonJtaImpl.getIsolatedConnection HHH10001501: Connection obtained from JdbcConnectionAccess [org.hibernate.engine.jdbc.env.internal.JdbcEnvironmentInitiator$ConnectionProviderJdbcConnectionAccess@57f552da] for (non-JTA) DDL execution was not in auto-commit mode; the Connection 'local transaction' will be committed and the Connection will be set into auto-commit mode.
26-Nov-2023 22:30:09.082 WARN [http-nio-8082-exec-5] org.hibernate.engine.jdbc.connections.internal.DriverManagerConnectionProviderImpl.configure HHH10001002: Using built-in connection pool (not intended for production use)
26-Nov-2023 22:30:09.083 INFO [http-nio-8082-exec-5] org.hibernate.engine.jdbc.connections.internal.DriverManagerConnectionProviderImpl.buildCreator HHH10001005: Loaded JDBC driver class: com.mysql.cj.jdbc.Driver
26-Nov-2023 22:30:09.083 INFO [http-nio-8082-exec-5] org.hibernate.engine.jdbc.connections.internal.DriverManagerConnectionProviderImpl.buildCreator HHH10001012: Connecting with JDBC URL [jdbc:mysql://localhost:3306/webshop?serverTimezone=UTC]
26-Nov-2023 22:30:09.083 INFO [http-nio-8082-exec-5] org.hibernate.engine.jdbc.connections.internal.DriverManagerConnectionProviderImpl.buildCreator HHH10001001: Connection properties: {password=****, user=root}
26-Nov-2023 22:30:09.083 INFO [http-nio-8082-exec-5] org.hibernate.engine.jdbc.connections.internal.DriverManagerConnectionProviderImpl.buildCreator HHH10001003: Autocommit mode: false
26-Nov-2023 22:30:09.083 INFO [http-nio-8082-exec-5] org.hibernate.engine.jdbc.connections.internal.DriverManagerConnectionProviderImpl$PooledConnections.<init> HHH10001115: Connection pool size: 50 (min=1)
26-Nov-2023 22:30:09.107 INFO [http-nio-8082-exec-5] org.hibernate.bytecode.internal.BytecodeProviderInitiator.buildBytecodeProvider HHH000021: Bytecode provider name : bytebuddy
26-Nov-2023 22:30:09.141 INFO [http-nio-8082-exec-5] org.hibernate.resource.transaction.backend.jdbc.internal.DdlTransactionIsolatorNonJtaImpl.getIsolatedConnection HHH10001501: Connection obtained from JdbcConnectionAccess [org.hibernate.engine.jdbc.env.internal.JdbcEnvironmentInitiator$ConnectionProviderJdbcConnectionAccess@1d8b594] for (non-JTA) DDL execution was not in auto-commit mode; the Connection 'local transaction' will be committed and the Connection will be set into auto-commit mode.
26-Nov-2023 22:30:11.707 WARN [http-nio-8082-exec-7] org.hibernate.engine.jdbc.connections.internal.DriverManagerConnectionProviderImpl.configure HHH10001002: Using built-in connection pool (not intended for production use)
26-Nov-2023 22:30:11.707 INFO [http-nio-8082-exec-7] org.hibernate.engine.jdbc.connections.internal.DriverManagerConnectionProviderImpl.buildCreator HHH10001005: Loaded JDBC driver class: com.mysql.cj.jdbc.Driver
26-Nov-2023 22:30:11.707 INFO [http-nio-8082-exec-7] org.hibernate.engine.jdbc.connections.internal.DriverManagerConnectionProviderImpl.buildCreator HHH10001012: Connecting with JDBC URL [jdbc:mysql://localhost:3306/webshop?serverTimezone=UTC]
26-Nov-2023 22:30:11.707 INFO [http-nio-8082-exec-7] org.hibernate.engine.jdbc.connections.internal.DriverManagerConnectionProviderImpl.buildCreator HHH10001001: Connection properties: {password=****, user=root}
26-Nov-2023 22:30:11.707 INFO [http-nio-8082-exec-7] org.hibernate.engine.jdbc.connections.internal.DriverManagerConnectionProviderImpl.buildCreator HHH10001003: Autocommit mode: false
26-Nov-2023 22:30:11.707 INFO [http-nio-8082-exec-7] org.hibernate.engine.jdbc.connections.internal.DriverManagerConnectionProviderImpl$PooledConnections.<init> HHH10001115: Connection pool size: 50 (min=1)
26-Nov-2023 22:30:11.737 INFO [http-nio-8082-exec-7] org.hibernate.bytecode.internal.BytecodeProviderInitiator.buildBytecodeProvider HHH000021: Bytecode provider name : bytebuddy
26-Nov-2023 22:30:11.762 INFO [http-nio-8082-exec-7] org.hibernate.resource.transaction.backend.jdbc.internal.DdlTransactionIsolatorNonJtaImpl.getIsolatedConnection HHH10001501: Connection obtained from JdbcConnectionAccess [org.hibernate.engine.jdbc.env.internal.JdbcEnvironmentInitiator$ConnectionProviderJdbcConnectionAccess@135b2cc4] for (non-JTA) DDL execution was not in auto-commit mode; the Connection 'local transaction' will be committed and the Connection will be set into auto-commit mode.
26-Nov-2023 23:16:18.531 INFO [Thread-1] org.apache.coyote.AbstractProtocol.pause Pausing ProtocolHandler ["http-nio-8082"]
26-Nov-2023 23:16:18.535 INFO [Thread-1] org.apache.catalina.core.StandardService.stopInternal Stopping service [Catalina]
26-Nov-2023 23:16:18.541 WARNING [localhost-startStop-2] org.apache.catalina.loader.WebappClassLoaderBase.clearReferencesJdbc The web application [MyWebApplication] registered the JDBC driver [com.mysql.cj.jdbc.Driver] but failed to unregister it when the web application was stopped. To prevent a memory leak, the JDBC Driver has been forcibly unregistered.
26-Nov-2023 23:16:18.541 WARNING [localhost-startStop-2] org.apache.catalina.loader.WebappClassLoaderBase.clearReferencesThreads The web application [MyWebApplication] appears to have started a thread named [mysql-cj-abandoned-connection-cleanup] but has failed to stop it. This is very likely to create a memory leak. Stack trace of thread:
 java.base@17.0.5/java.lang.Object.wait(Native Method)
 java.base@17.0.5/java.lang.ref.ReferenceQueue.remove(ReferenceQueue.java:155)
 com.mysql.cj.jdbc.AbandonedConnectionCleanupThread.run(AbandonedConnectionCleanupThread.java:91)
 java.base@17.0.5/java.util.concurrent.ThreadPoolExecutor.runWorker(ThreadPoolExecutor.java:1136)
 java.base@17.0.5/java.util.concurrent.ThreadPoolExecutor$Worker.run(ThreadPoolExecutor.java:635)
 java.base@17.0.5/java.lang.Thread.run(Thread.java:833)
26-Nov-2023 23:16:18.541 WARNING [localhost-startStop-2] org.apache.catalina.loader.WebappClassLoaderBase.clearReferencesThreads The web application [MyWebApplication] appears to have started a thread named [Hibernate Connection Pool Validation Thread] but has failed to stop it. This is very likely to create a memory leak. Stack trace of thread:
 java.base@17.0.5/jdk.internal.misc.Unsafe.park(Native Method)
 java.base@17.0.5/java.util.concurrent.locks.LockSupport.parkNanos(LockSupport.java:252)
 java.base@17.0.5/java.util.concurrent.locks.AbstractQueuedSynchronizer$ConditionObject.awaitNanos(AbstractQueuedSynchronizer.java:1672)
 java.base@17.0.5/java.util.concurrent.ScheduledThreadPoolExecutor$DelayedWorkQueue.take(ScheduledThreadPoolExecutor.java:1182)
 java.base@17.0.5/java.util.concurrent.ScheduledThreadPoolExecutor$DelayedWorkQueue.take(ScheduledThreadPoolExecutor.java:899)
 java.base@17.0.5/java.util.concurrent.ThreadPoolExecutor.getTask(ThreadPoolExecutor.java:1062)
 java.base@17.0.5/java.util.concurrent.ThreadPoolExecutor.runWorker(ThreadPoolExecutor.java:1122)
 java.base@17.0.5/java.util.concurrent.ThreadPoolExecutor$Worker.run(ThreadPoolExecutor.java:635)
 java.base@17.0.5/java.lang.Thread.run(Thread.java:833)
26-Nov-2023 23:16:18.542 WARNING [localhost-startStop-2] org.apache.catalina.loader.WebappClassLoaderBase.clearReferencesThreads The web application [MyWebApplication] appears to have started a thread named [Hibernate Connection Pool Validation Thread] but has failed to stop it. This is very likely to create a memory leak. Stack trace of thread:
 java.base@17.0.5/jdk.internal.misc.Unsafe.park(Native Method)
 java.base@17.0.5/java.util.concurrent.locks.LockSupport.parkNanos(LockSupport.java:252)
 java.base@17.0.5/java.util.concurrent.locks.AbstractQueuedSynchronizer$ConditionObject.awaitNanos(AbstractQueuedSynchronizer.java:1672)
 java.base@17.0.5/java.util.concurrent.ScheduledThreadPoolExecutor$DelayedWorkQueue.take(ScheduledThreadPoolExecutor.java:1182)
 java.base@17.0.5/java.util.concurrent.ScheduledThreadPoolExecutor$DelayedWorkQueue.take(ScheduledThreadPoolExecutor.java:899)
 java.base@17.0.5/java.util.concurrent.ThreadPoolExecutor.getTask(ThreadPoolExecutor.java:1062)
 java.base@17.0.5/java.util.concurrent.ThreadPoolExecutor.runWorker(ThreadPoolExecutor.java:1122)
 java.base@17.0.5/java.util.concurrent.ThreadPoolExecutor$Worker.run(ThreadPoolExecutor.java:635)
 java.base@17.0.5/java.lang.Thread.run(Thread.java:833)
26-Nov-2023 23:16:18.542 WARNING [localhost-startStop-2] org.apache.catalina.loader.WebappClassLoaderBase.clearReferencesThreads The web application [MyWebApplication] appears to have started a thread named [Hibernate Connection Pool Validation Thread] but has failed to stop it. This is very likely to create a memory leak. Stack trace of thread:
 java.base@17.0.5/jdk.internal.misc.Unsafe.park(Native Method)
 java.base@17.0.5/java.util.concurrent.locks.LockSupport.parkNanos(LockSupport.java:252)
 java.base@17.0.5/java.util.concurrent.locks.AbstractQueuedSynchronizer$ConditionObject.awaitNanos(AbstractQueuedSynchronizer.java:1672)
 java.base@17.0.5/java.util.concurrent.ScheduledThreadPoolExecutor$DelayedWorkQueue.take(ScheduledThreadPoolExecutor.java:1182)
 java.base@17.0.5/java.util.concurrent.ScheduledThreadPoolExecutor$DelayedWorkQueue.take(ScheduledThreadPoolExecutor.java:899)
 java.base@17.0.5/java.util.concurrent.ThreadPoolExecutor.getTask(ThreadPoolExecutor.java:1062)
 java.base@17.0.5/java.util.concurrent.ThreadPoolExecutor.runWorker(ThreadPoolExecutor.java:1122)
 java.base@17.0.5/java.util.concurrent.ThreadPoolExecutor$Worker.run(ThreadPoolExecutor.java:635)
 java.base@17.0.5/java.lang.Thread.run(Thread.java:833)
26-Nov-2023 23:16:18.551 INFO [Thread-1] org.apache.coyote.AbstractProtocol.stop Stopping ProtocolHandler ["http-nio-8082"]
26-Nov-2023 23:16:18.558 INFO [Thread-1] org.apache.coyote.AbstractProtocol.destroy Destroying ProtocolHandler ["http-nio-8082"]
