30-Dec-2023 02:01:06.014 INFO [Thread-1] org.apache.coyote.AbstractProtocol.pause Pausing ProtocolHandler ["http-nio-8082"]
30-Dec-2023 02:01:06.019 INFO [Thread-1] org.apache.catalina.core.StandardService.stopInternal Stopping service [Catalina]
30-Dec-2023 02:01:06.024 WARNING [localhost-startStop-2] org.apache.catalina.loader.WebappClassLoaderBase.clearReferencesJdbc The web application [MyWebApplication] registered the JDBC driver [com.mysql.cj.jdbc.Driver] but failed to unregister it when the web application was stopped. To prevent a memory leak, the JDBC Driver has been forcibly unregistered.
30-Dec-2023 02:01:06.025 WARNING [localhost-startStop-2] org.apache.catalina.loader.WebappClassLoaderBase.clearReferencesThreads The web application [MyWebApplication] appears to have started a thread named [mysql-cj-abandoned-connection-cleanup] but has failed to stop it. This is very likely to create a memory leak. Stack trace of thread:
 java.base@17.0.5/java.lang.Object.wait(Native Method)
 java.base@17.0.5/java.lang.ref.ReferenceQueue.remove(ReferenceQueue.java:155)
 com.mysql.cj.jdbc.AbandonedConnectionCleanupThread.run(AbandonedConnectionCleanupThread.java:91)
 java.base@17.0.5/java.util.concurrent.ThreadPoolExecutor.runWorker(ThreadPoolExecutor.java:1136)
 java.base@17.0.5/java.util.concurrent.ThreadPoolExecutor$Worker.run(ThreadPoolExecutor.java:635)
 java.base@17.0.5/java.lang.Thread.run(Thread.java:833)
30-Dec-2023 02:01:06.025 WARNING [localhost-startStop-2] org.apache.catalina.loader.WebappClassLoaderBase.clearReferencesThreads The web application [MyWebApplication] appears to have started a thread named [Hibernate Connection Pool Validation Thread] but has failed to stop it. This is very likely to create a memory leak. Stack trace of thread:
 java.base@17.0.5/jdk.internal.misc.Unsafe.park(Native Method)
 java.base@17.0.5/java.util.concurrent.locks.LockSupport.parkNanos(LockSupport.java:252)
 java.base@17.0.5/java.util.concurrent.locks.AbstractQueuedSynchronizer$ConditionObject.awaitNanos(AbstractQueuedSynchronizer.java:1672)
 java.base@17.0.5/java.util.concurrent.ScheduledThreadPoolExecutor$DelayedWorkQueue.take(ScheduledThreadPoolExecutor.java:1182)
 java.base@17.0.5/java.util.concurrent.ScheduledThreadPoolExecutor$DelayedWorkQueue.take(ScheduledThreadPoolExecutor.java:899)
 java.base@17.0.5/java.util.concurrent.ThreadPoolExecutor.getTask(ThreadPoolExecutor.java:1062)
 java.base@17.0.5/java.util.concurrent.ThreadPoolExecutor.runWorker(ThreadPoolExecutor.java:1122)
 java.base@17.0.5/java.util.concurrent.ThreadPoolExecutor$Worker.run(ThreadPoolExecutor.java:635)
 java.base@17.0.5/java.lang.Thread.run(Thread.java:833)
30-Dec-2023 02:01:06.025 WARNING [localhost-startStop-2] org.apache.catalina.loader.WebappClassLoaderBase.clearReferencesThreads The web application [MyWebApplication] appears to have started a thread named [Hibernate Connection Pool Validation Thread] but has failed to stop it. This is very likely to create a memory leak. Stack trace of thread:
 java.base@17.0.5/jdk.internal.misc.Unsafe.park(Native Method)
 java.base@17.0.5/java.util.concurrent.locks.LockSupport.parkNanos(LockSupport.java:252)
 java.base@17.0.5/java.util.concurrent.locks.AbstractQueuedSynchronizer$ConditionObject.awaitNanos(AbstractQueuedSynchronizer.java:1672)
 java.base@17.0.5/java.util.concurrent.ScheduledThreadPoolExecutor$DelayedWorkQueue.take(ScheduledThreadPoolExecutor.java:1182)
 java.base@17.0.5/java.util.concurrent.ScheduledThreadPoolExecutor$DelayedWorkQueue.take(ScheduledThreadPoolExecutor.java:899)
 java.base@17.0.5/java.util.concurrent.ThreadPoolExecutor.getTask(ThreadPoolExecutor.java:1062)
 java.base@17.0.5/java.util.concurrent.ThreadPoolExecutor.runWorker(ThreadPoolExecutor.java:1122)
 java.base@17.0.5/java.util.concurrent.ThreadPoolExecutor$Worker.run(ThreadPoolExecutor.java:635)
 java.base@17.0.5/java.lang.Thread.run(Thread.java:833)
30-Dec-2023 02:01:06.030 INFO [Thread-1] org.apache.coyote.AbstractProtocol.stop Stopping ProtocolHandler ["http-nio-8082"]
30-Dec-2023 02:01:06.042 INFO [Thread-1] org.apache.coyote.AbstractProtocol.destroy Destroying ProtocolHandler ["http-nio-8082"]
30-Dec-2023 19:47:41.756 INFO [main] org.apache.catalina.startup.VersionLoggerListener.log Server version name:   Apache Tomcat/8.5.93
30-Dec-2023 19:47:41.758 INFO [main] org.apache.catalina.startup.VersionLoggerListener.log Server built:          Aug 23 2023 22:43:14 UTC
30-Dec-2023 19:47:41.759 INFO [main] org.apache.catalina.startup.VersionLoggerListener.log Server version number: 8.5.93.0
30-Dec-2023 19:47:41.759 INFO [main] org.apache.catalina.startup.VersionLoggerListener.log OS Name:               Windows 10
30-Dec-2023 19:47:41.759 INFO [main] org.apache.catalina.startup.VersionLoggerListener.log OS Version:            10.0
30-Dec-2023 19:47:41.759 INFO [main] org.apache.catalina.startup.VersionLoggerListener.log Architecture:          amd64
30-Dec-2023 19:47:41.759 INFO [main] org.apache.catalina.startup.VersionLoggerListener.log Java Home:             C:\Program Files\Eclipse Adoptium\jdk-17.0.5.8-hotspot
30-Dec-2023 19:47:41.759 INFO [main] org.apache.catalina.startup.VersionLoggerListener.log JVM Version:           17.0.5+8
30-Dec-2023 19:47:41.759 INFO [main] org.apache.catalina.startup.VersionLoggerListener.log JVM Vendor:            Eclipse Adoptium
30-Dec-2023 19:47:41.759 INFO [main] org.apache.catalina.startup.VersionLoggerListener.log CATALINA_BASE:         D:\ITAcademy\7 Java Web Application Development\Projects\MyWebApplication\src
30-Dec-2023 19:47:41.760 INFO [main] org.apache.catalina.startup.VersionLoggerListener.log CATALINA_HOME:         C:\Users\medak\Downloads\apache-tomcat-8.5.93-windows-x64\apache-tomcat-8.5.93
30-Dec-2023 19:47:41.760 INFO [main] org.apache.catalina.startup.VersionLoggerListener.log Command line argument: --add-opens=java.base/java.lang=ALL-UNNAMED
30-Dec-2023 19:47:41.760 INFO [main] org.apache.catalina.startup.VersionLoggerListener.log Command line argument: --add-opens=java.base/java.io=ALL-UNNAMED
30-Dec-2023 19:47:41.760 INFO [main] org.apache.catalina.startup.VersionLoggerListener.log Command line argument: --add-opens=java.base/java.util=ALL-UNNAMED
30-Dec-2023 19:47:41.761 INFO [main] org.apache.catalina.startup.VersionLoggerListener.log Command line argument: --add-opens=java.base/java.util.concurrent=ALL-UNNAMED
30-Dec-2023 19:47:41.761 INFO [main] org.apache.catalina.startup.VersionLoggerListener.log Command line argument: --add-opens=java.rmi/sun.rmi.transport=ALL-UNNAMED
30-Dec-2023 19:47:41.761 INFO [main] org.apache.catalina.startup.VersionLoggerListener.log Command line argument: -Dcatalina.home=C:\Users\medak\Downloads\apache-tomcat-8.5.93-windows-x64\apache-tomcat-8.5.93
30-Dec-2023 19:47:41.761 INFO [main] org.apache.catalina.startup.VersionLoggerListener.log Command line argument: -Dcatalina.base=D:\ITAcademy\7 Java Web Application Development\Projects\MyWebApplication\src
30-Dec-2023 19:47:41.761 INFO [main] org.apache.catalina.startup.VersionLoggerListener.log Command line argument: -Djava.io.tmpdir=D:\ITAcademy\7 Java Web Application Development\Projects\MyWebApplication\src\temp
30-Dec-2023 19:47:41.761 INFO [main] org.apache.catalina.startup.VersionLoggerListener.log Command line argument: -Djava.util.logging.config.file=D:\ITAcademy\7 Java Web Application Development\Projects\MyWebApplication\src\conf\logging.properties
30-Dec-2023 19:47:41.761 INFO [main] org.apache.catalina.startup.VersionLoggerListener.log Command line argument: -Djava.util.logging.manager=org.apache.juli.ClassLoaderLogManager
30-Dec-2023 19:47:41.761 INFO [main] org.apache.catalina.startup.VersionLoggerListener.log Command line argument: -javaagent:C:\Program Files\JetBrains\IntelliJ IDEA Community Edition 2022.2.3\lib\idea_rt.jar=51110:C:\Program Files\JetBrains\IntelliJ IDEA Community Edition 2022.2.3\bin
30-Dec-2023 19:47:41.761 INFO [main] org.apache.catalina.startup.VersionLoggerListener.log Command line argument: -Dfile.encoding=UTF-8
30-Dec-2023 19:47:41.762 INFO [main] org.apache.catalina.core.AprLifecycleListener.lifecycleEvent The Apache Tomcat Native library which allows using OpenSSL was not found on the java.library.path: [C:\Program Files\Eclipse Adoptium\jdk-17.0.5.8-hotspot\bin;C:\Windows\Sun\Java\bin;C:\Windows\system32;C:\Windows;C:\Program Files\Eclipse Adoptium\jdk-17.0.5.8-hotspot\bin;C:\Windows\system32;C:\Windows;C:\Windows\System32\Wbem;C:\Windows\System32\WindowsPowerShell\v1.0\;C:\Windows\System32\OpenSSH\;C:\Java\jdk-17\bin;C:\Program Files\MySQL\MySQL Server 8.0\bin;C:\Program Files\Docker\Docker\resources\bin;C:\Program Files\dotnet\;C:\Program Files\MySQL\MySQL Shell 8.0\bin\;C:\Users\medak\AppData\Local\Microsoft\WindowsApps;C:\Users\medak\AppData\Local\atom\bin;C:\Program Files\MySQL\MySQL Server 8.0\bin;C:\Users\medak\AppData\Local\GitHubDesktop\bin;.]
30-Dec-2023 19:47:41.805 INFO [main] org.apache.coyote.AbstractProtocol.init Initializing ProtocolHandler ["http-nio-8082"]
30-Dec-2023 19:47:41.822 INFO [main] org.apache.catalina.startup.Catalina.load Initialization processed in 362 ms
30-Dec-2023 19:47:41.851 INFO [main] org.apache.catalina.core.StandardService.startInternal Starting service [Catalina]
30-Dec-2023 19:47:41.851 INFO [main] org.apache.catalina.core.StandardEngine.startInternal Starting Servlet engine: [Apache Tomcat/8.5.93]
30-Dec-2023 19:47:41.857 INFO [localhost-startStop-1] org.apache.catalina.startup.HostConfig.deployDescriptor Deploying deployment descriptor [D:\ITAcademy\7 Java Web Application Development\Projects\MyWebApplication\src\conf\Catalina\localhost\MyWebApplication.xml]
30-Dec-2023 19:47:42.150 WARNING [localhost-startStop-1] org.apache.tomcat.util.descriptor.web.WebXml.setVersion Unknown version string [5.0]. Default version will be used.
30-Dec-2023 19:47:43.848 INFO [localhost-startStop-1] org.apache.jasper.servlet.TldScanner.scanJars At least one JAR was scanned for TLDs yet contained no TLDs. Enable debug logging for this logger for a complete list of JARs that were scanned but no TLDs were found in them. Skipping unneeded JARs during scanning can improve startup time and JSP compilation time.
30-Dec-2023 19:47:43.951 INFO [localhost-startStop-1] com.sun.faces.config.ConfigureListener.contextInitialized Initializing Mojarra 2.2.20 ( 20190731-0757 59754ac80c05d61848a08939ddd11a324f2345ac) for context '/MyWebApplication'
30-Dec-2023 19:47:44.072 INFO [localhost-startStop-1] com.sun.faces.spi.InjectionProviderFactory.createInstance JSF1048: PostConstruct/PreDestroy annotations present.  ManagedBeans methods marked with these annotations will have said annotations processed.
30-Dec-2023 19:47:44.464 INFO [localhost-startStop-1] org.apache.catalina.startup.HostConfig.deployDescriptor Deployment of deployment descriptor [D:\ITAcademy\7 Java Web Application Development\Projects\MyWebApplication\src\conf\Catalina\localhost\MyWebApplication.xml] has finished in [2,606] ms
30-Dec-2023 19:47:44.465 INFO [main] org.apache.coyote.AbstractProtocol.start Starting ProtocolHandler ["http-nio-8082"]
30-Dec-2023 19:47:44.476 INFO [main] org.apache.catalina.startup.Catalina.start Server startup in 2654 ms
30-Dec-2023 19:47:47.007 INFO [http-nio-8082-exec-2] org.hibernate.Version.logVersion HHH000412: Hibernate ORM core version 6.2.3.Final
30-Dec-2023 19:47:47.012 INFO [http-nio-8082-exec-2] org.hibernate.cfg.Environment.<clinit> HHH000406: Using bytecode reflection optimizer
30-Dec-2023 19:47:47.645 WARN [http-nio-8082-exec-2] org.hibernate.engine.jdbc.connections.internal.DriverManagerConnectionProviderImpl.configure HHH10001002: Using built-in connection pool (not intended for production use)
30-Dec-2023 19:47:47.649 INFO [http-nio-8082-exec-2] org.hibernate.engine.jdbc.connections.internal.DriverManagerConnectionProviderImpl.buildCreator HHH10001005: Loaded JDBC driver class: com.mysql.cj.jdbc.Driver
30-Dec-2023 19:47:47.649 INFO [http-nio-8082-exec-2] org.hibernate.engine.jdbc.connections.internal.DriverManagerConnectionProviderImpl.buildCreator HHH10001012: Connecting with JDBC URL [jdbc:mysql://localhost:3306/webshop?serverTimezone=UTC]
30-Dec-2023 19:47:47.649 INFO [http-nio-8082-exec-2] org.hibernate.engine.jdbc.connections.internal.DriverManagerConnectionProviderImpl.buildCreator HHH10001001: Connection properties: {password=****, user=root}
30-Dec-2023 19:47:47.650 INFO [http-nio-8082-exec-2] org.hibernate.engine.jdbc.connections.internal.DriverManagerConnectionProviderImpl.buildCreator HHH10001003: Autocommit mode: false
30-Dec-2023 19:47:47.653 INFO [http-nio-8082-exec-2] org.hibernate.engine.jdbc.connections.internal.DriverManagerConnectionProviderImpl$PooledConnections.<init> HHH10001115: Connection pool size: 50 (min=1)
30-Dec-2023 19:47:48.467 INFO [http-nio-8082-exec-2] org.hibernate.bytecode.internal.BytecodeProviderInitiator.buildBytecodeProvider HHH000021: Bytecode provider name : bytebuddy
30-Dec-2023 19:47:49.681 INFO [http-nio-8082-exec-2] org.hibernate.resource.transaction.backend.jdbc.internal.DdlTransactionIsolatorNonJtaImpl.getIsolatedConnection HHH10001501: Connection obtained from JdbcConnectionAccess [org.hibernate.engine.jdbc.env.internal.JdbcEnvironmentInitiator$ConnectionProviderJdbcConnectionAccess@17443785] for (non-JTA) DDL execution was not in auto-commit mode; the Connection 'local transaction' will be committed and the Connection will be set into auto-commit mode.
30-Dec-2023 19:47:57.513 WARN [http-nio-8082-exec-4] org.hibernate.engine.jdbc.connections.internal.DriverManagerConnectionProviderImpl.configure HHH10001002: Using built-in connection pool (not intended for production use)
30-Dec-2023 19:47:57.514 INFO [http-nio-8082-exec-4] org.hibernate.engine.jdbc.connections.internal.DriverManagerConnectionProviderImpl.buildCreator HHH10001005: Loaded JDBC driver class: com.mysql.cj.jdbc.Driver
30-Dec-2023 19:47:57.514 INFO [http-nio-8082-exec-4] org.hibernate.engine.jdbc.connections.internal.DriverManagerConnectionProviderImpl.buildCreator HHH10001012: Connecting with JDBC URL [jdbc:mysql://localhost:3306/webshop?serverTimezone=UTC]
30-Dec-2023 19:47:57.514 INFO [http-nio-8082-exec-4] org.hibernate.engine.jdbc.connections.internal.DriverManagerConnectionProviderImpl.buildCreator HHH10001001: Connection properties: {password=****, user=root}
30-Dec-2023 19:47:57.514 INFO [http-nio-8082-exec-4] org.hibernate.engine.jdbc.connections.internal.DriverManagerConnectionProviderImpl.buildCreator HHH10001003: Autocommit mode: false
30-Dec-2023 19:47:57.514 INFO [http-nio-8082-exec-4] org.hibernate.engine.jdbc.connections.internal.DriverManagerConnectionProviderImpl$PooledConnections.<init> HHH10001115: Connection pool size: 50 (min=1)
30-Dec-2023 19:47:57.543 INFO [http-nio-8082-exec-4] org.hibernate.bytecode.internal.BytecodeProviderInitiator.buildBytecodeProvider HHH000021: Bytecode provider name : bytebuddy
30-Dec-2023 19:47:57.583 INFO [http-nio-8082-exec-4] org.hibernate.resource.transaction.backend.jdbc.internal.DdlTransactionIsolatorNonJtaImpl.getIsolatedConnection HHH10001501: Connection obtained from JdbcConnectionAccess [org.hibernate.engine.jdbc.env.internal.JdbcEnvironmentInitiator$ConnectionProviderJdbcConnectionAccess@272222a0] for (non-JTA) DDL execution was not in auto-commit mode; the Connection 'local transaction' will be committed and the Connection will be set into auto-commit mode.
30-Dec-2023 19:48:00.839 WARN [http-nio-8082-exec-5] org.hibernate.engine.jdbc.connections.internal.DriverManagerConnectionProviderImpl.configure HHH10001002: Using built-in connection pool (not intended for production use)
30-Dec-2023 19:48:00.840 INFO [http-nio-8082-exec-5] org.hibernate.engine.jdbc.connections.internal.DriverManagerConnectionProviderImpl.buildCreator HHH10001005: Loaded JDBC driver class: com.mysql.cj.jdbc.Driver
30-Dec-2023 19:48:00.840 INFO [http-nio-8082-exec-5] org.hibernate.engine.jdbc.connections.internal.DriverManagerConnectionProviderImpl.buildCreator HHH10001012: Connecting with JDBC URL [jdbc:mysql://localhost:3306/webshop?serverTimezone=UTC]
30-Dec-2023 19:48:00.840 INFO [http-nio-8082-exec-5] org.hibernate.engine.jdbc.connections.internal.DriverManagerConnectionProviderImpl.buildCreator HHH10001001: Connection properties: {password=****, user=root}
30-Dec-2023 19:48:00.840 INFO [http-nio-8082-exec-5] org.hibernate.engine.jdbc.connections.internal.DriverManagerConnectionProviderImpl.buildCreator HHH10001003: Autocommit mode: false
30-Dec-2023 19:48:00.840 INFO [http-nio-8082-exec-5] org.hibernate.engine.jdbc.connections.internal.DriverManagerConnectionProviderImpl$PooledConnections.<init> HHH10001115: Connection pool size: 50 (min=1)
30-Dec-2023 19:48:00.865 INFO [http-nio-8082-exec-5] org.hibernate.bytecode.internal.BytecodeProviderInitiator.buildBytecodeProvider HHH000021: Bytecode provider name : bytebuddy
30-Dec-2023 19:48:00.907 INFO [http-nio-8082-exec-5] org.hibernate.resource.transaction.backend.jdbc.internal.DdlTransactionIsolatorNonJtaImpl.getIsolatedConnection HHH10001501: Connection obtained from JdbcConnectionAccess [org.hibernate.engine.jdbc.env.internal.JdbcEnvironmentInitiator$ConnectionProviderJdbcConnectionAccess@5e494212] for (non-JTA) DDL execution was not in auto-commit mode; the Connection 'local transaction' will be committed and the Connection will be set into auto-commit mode.
30-Dec-2023 19:48:10.824 WARN [http-nio-8082-exec-7] org.hibernate.engine.jdbc.connections.internal.DriverManagerConnectionProviderImpl.configure HHH10001002: Using built-in connection pool (not intended for production use)
30-Dec-2023 19:48:10.824 INFO [http-nio-8082-exec-7] org.hibernate.engine.jdbc.connections.internal.DriverManagerConnectionProviderImpl.buildCreator HHH10001005: Loaded JDBC driver class: com.mysql.cj.jdbc.Driver
30-Dec-2023 19:48:10.825 INFO [http-nio-8082-exec-7] org.hibernate.engine.jdbc.connections.internal.DriverManagerConnectionProviderImpl.buildCreator HHH10001012: Connecting with JDBC URL [jdbc:mysql://localhost:3306/webshop?serverTimezone=UTC]
30-Dec-2023 19:48:10.825 INFO [http-nio-8082-exec-7] org.hibernate.engine.jdbc.connections.internal.DriverManagerConnectionProviderImpl.buildCreator HHH10001001: Connection properties: {password=****, user=root}
30-Dec-2023 19:48:10.825 INFO [http-nio-8082-exec-7] org.hibernate.engine.jdbc.connections.internal.DriverManagerConnectionProviderImpl.buildCreator HHH10001003: Autocommit mode: false
30-Dec-2023 19:48:10.825 INFO [http-nio-8082-exec-7] org.hibernate.engine.jdbc.connections.internal.DriverManagerConnectionProviderImpl$PooledConnections.<init> HHH10001115: Connection pool size: 50 (min=1)
30-Dec-2023 19:48:10.849 INFO [http-nio-8082-exec-7] org.hibernate.bytecode.internal.BytecodeProviderInitiator.buildBytecodeProvider HHH000021: Bytecode provider name : bytebuddy
30-Dec-2023 19:48:10.882 INFO [http-nio-8082-exec-7] org.hibernate.resource.transaction.backend.jdbc.internal.DdlTransactionIsolatorNonJtaImpl.getIsolatedConnection HHH10001501: Connection obtained from JdbcConnectionAccess [org.hibernate.engine.jdbc.env.internal.JdbcEnvironmentInitiator$ConnectionProviderJdbcConnectionAccess@77c02f86] for (non-JTA) DDL execution was not in auto-commit mode; the Connection 'local transaction' will be committed and the Connection will be set into auto-commit mode.
30-Dec-2023 19:48:10.926 SEVERE [http-nio-8082-exec-7] com.sun.faces.application.view.FaceletViewHandlingStrategy.handleRenderException Error Rendering View[/productList.xhtml]
	javax.el.PropertyNotFoundException: /productList.xhtml @14,52 value="#{pr.productId}": Property [productId] not readable on type [entities.Product]
		at com.sun.faces.facelets.el.TagValueExpression.getValue(TagValueExpression.java:111)
		at javax.faces.component.ComponentStateHelper.eval(ComponentStateHelper.java:194)
		at javax.faces.component.ComponentStateHelper.eval(ComponentStateHelper.java:182)
		at javax.faces.component.UIOutput.getValue(UIOutput.java:174)
		at com.sun.faces.renderkit.html_basic.HtmlBasicInputRenderer.getValue(HtmlBasicInputRenderer.java:205)
		at com.sun.faces.renderkit.html_basic.HtmlBasicRenderer.getCurrentValue(HtmlBasicRenderer.java:355)
		at com.sun.faces.renderkit.html_basic.HtmlBasicRenderer.encodeEnd(HtmlBasicRenderer.java:164)
		at javax.faces.component.UIComponentBase.encodeEnd(UIComponentBase.java:920)
		at com.sun.faces.renderkit.html_basic.HtmlBasicRenderer.encodeRecursive(HtmlBasicRenderer.java:312)
		at com.sun.faces.renderkit.html_basic.TableRenderer.renderRow(TableRenderer.java:385)
		at com.sun.faces.renderkit.html_basic.TableRenderer.encodeChildren(TableRenderer.java:161)
		at javax.faces.component.UIComponentBase.encodeChildren(UIComponentBase.java:890)
		at javax.faces.component.UIComponent.encodeAll(UIComponent.java:1856)
		at javax.faces.render.Renderer.encodeChildren(Renderer.java:176)
		at javax.faces.component.UIComponentBase.encodeChildren(UIComponentBase.java:890)
		at javax.faces.component.UIComponent.encodeAll(UIComponent.java:1856)
		at javax.faces.component.UIComponent.encodeAll(UIComponent.java:1859)
		at javax.faces.component.UIComponent.encodeAll(UIComponent.java:1859)
		at com.sun.faces.application.view.FaceletViewHandlingStrategy.renderView(FaceletViewHandlingStrategy.java:456)
		at com.sun.faces.application.view.MultiViewHandler.renderView(MultiViewHandler.java:134)
		at com.sun.faces.lifecycle.RenderResponsePhase.execute(RenderResponsePhase.java:120)
		at com.sun.faces.lifecycle.Phase.doPhase(Phase.java:101)
		at com.sun.faces.lifecycle.LifecycleImpl.render(LifecycleImpl.java:219)
		at javax.faces.webapp.FacesServlet.service(FacesServlet.java:659)
		at org.apache.catalina.core.ApplicationFilterChain.internalDoFilter(ApplicationFilterChain.java:212)
		at org.apache.catalina.core.ApplicationFilterChain.doFilter(ApplicationFilterChain.java:156)
		at org.apache.tomcat.websocket.server.WsFilter.doFilter(WsFilter.java:51)
		at org.apache.catalina.core.ApplicationFilterChain.internalDoFilter(ApplicationFilterChain.java:181)
		at org.apache.catalina.core.ApplicationFilterChain.doFilter(ApplicationFilterChain.java:156)
		at org.apache.catalina.core.StandardWrapperValve.invoke(StandardWrapperValve.java:168)
		at org.apache.catalina.core.StandardContextValve.invoke(StandardContextValve.java:90)
		at org.apache.catalina.authenticator.AuthenticatorBase.invoke(AuthenticatorBase.java:483)
		at org.apache.catalina.core.StandardHostValve.invoke(StandardHostValve.java:130)
		at org.apache.catalina.valves.ErrorReportValve.invoke(ErrorReportValve.java:93)
		at org.apache.catalina.valves.AbstractAccessLogValve.invoke(AbstractAccessLogValve.java:679)
		at org.apache.catalina.core.StandardEngineValve.invoke(StandardEngineValve.java:74)
		at org.apache.catalina.connector.CoyoteAdapter.service(CoyoteAdapter.java:343)
		at org.apache.coyote.http11.Http11Processor.service(Http11Processor.java:617)
		at org.apache.coyote.AbstractProcessorLight.process(AbstractProcessorLight.java:63)
		at org.apache.coyote.AbstractProtocol$ConnectionHandler.process(AbstractProtocol.java:932)
		at org.apache.tomcat.util.net.NioEndpoint$SocketProcessor.doRun(NioEndpoint.java:1694)
		at org.apache.tomcat.util.net.SocketProcessorBase.run(SocketProcessorBase.java:52)
		at org.apache.tomcat.util.threads.ThreadPoolExecutor.runWorker(ThreadPoolExecutor.java:1191)
		at org.apache.tomcat.util.threads.ThreadPoolExecutor$Worker.run(ThreadPoolExecutor.java:659)
		at org.apache.tomcat.util.threads.TaskThread$WrappingRunnable.run(TaskThread.java:61)
		at java.base/java.lang.Thread.run(Thread.java:833)
	Caused by: javax.el.PropertyNotFoundException: Property [productId] not readable on type [entities.Product]
		at javax.el.BeanELResolver$BeanProperty.read(BeanELResolver.java:308)
		at javax.el.BeanELResolver$BeanProperty.access$000(BeanELResolver.java:267)
		at javax.el.BeanELResolver.getValue(BeanELResolver.java:97)
		at com.sun.faces.el.DemuxCompositeELResolver._getValue(DemuxCompositeELResolver.java:176)
		at com.sun.faces.el.DemuxCompositeELResolver.getValue(DemuxCompositeELResolver.java:203)
		at org.apache.el.parser.AstValue.getValue(AstValue.java:168)
		at org.apache.el.ValueExpressionImpl.getValue(ValueExpressionImpl.java:189)
		at com.sun.faces.facelets.el.TagValueExpression.getValue(TagValueExpression.java:109)
		... 45 more
30-Dec-2023 19:49:25.995 WARN [http-nio-8082-exec-9] org.hibernate.engine.jdbc.connections.internal.DriverManagerConnectionProviderImpl.configure HHH10001002: Using built-in connection pool (not intended for production use)
30-Dec-2023 19:49:25.995 INFO [http-nio-8082-exec-9] org.hibernate.engine.jdbc.connections.internal.DriverManagerConnectionProviderImpl.buildCreator HHH10001005: Loaded JDBC driver class: com.mysql.cj.jdbc.Driver
30-Dec-2023 19:49:25.996 INFO [http-nio-8082-exec-9] org.hibernate.engine.jdbc.connections.internal.DriverManagerConnectionProviderImpl.buildCreator HHH10001012: Connecting with JDBC URL [jdbc:mysql://localhost:3306/webshop?serverTimezone=UTC]
30-Dec-2023 19:49:25.996 INFO [http-nio-8082-exec-9] org.hibernate.engine.jdbc.connections.internal.DriverManagerConnectionProviderImpl.buildCreator HHH10001001: Connection properties: {password=****, user=root}
30-Dec-2023 19:49:25.996 INFO [http-nio-8082-exec-9] org.hibernate.engine.jdbc.connections.internal.DriverManagerConnectionProviderImpl.buildCreator HHH10001003: Autocommit mode: false
30-Dec-2023 19:49:25.996 INFO [http-nio-8082-exec-9] org.hibernate.engine.jdbc.connections.internal.DriverManagerConnectionProviderImpl$PooledConnections.<init> HHH10001115: Connection pool size: 50 (min=1)
30-Dec-2023 19:49:26.023 INFO [http-nio-8082-exec-9] org.hibernate.bytecode.internal.BytecodeProviderInitiator.buildBytecodeProvider HHH000021: Bytecode provider name : bytebuddy
30-Dec-2023 19:49:26.051 INFO [http-nio-8082-exec-9] org.hibernate.resource.transaction.backend.jdbc.internal.DdlTransactionIsolatorNonJtaImpl.getIsolatedConnection HHH10001501: Connection obtained from JdbcConnectionAccess [org.hibernate.engine.jdbc.env.internal.JdbcEnvironmentInitiator$ConnectionProviderJdbcConnectionAccess@2b598c3d] for (non-JTA) DDL execution was not in auto-commit mode; the Connection 'local transaction' will be committed and the Connection will be set into auto-commit mode.
30-Dec-2023 19:49:33.346 WARNING [http-nio-8082-exec-1] com.sun.faces.lifecycle.ProcessValidationsPhase.execute /addSale.xhtml @15,60 value="#{s.buyerController.buyerId}": Target Unreachable, identifier [s] resolved to null
	javax.el.PropertyNotFoundException: /addSale.xhtml @15,60 value="#{s.buyerController.buyerId}": Target Unreachable, identifier [s] resolved to null
		at com.sun.faces.facelets.el.TagValueExpression.getType(TagValueExpression.java:100)
		at com.sun.faces.renderkit.html_basic.HtmlBasicInputRenderer.getConvertedValue(HtmlBasicInputRenderer.java:95)
		at javax.faces.component.UIInput.getConvertedValue(UIInput.java:1067)
		at javax.faces.component.UIInput.validate(UIInput.java:981)
		at javax.faces.component.UIInput.executeValidate(UIInput.java:1270)
		at javax.faces.component.UIInput.processValidators(UIInput.java:714)
		at javax.faces.component.UIComponentBase.processValidators(UIComponentBase.java:1261)
		at javax.faces.component.UIForm.processValidators(UIForm.java:253)
		at javax.faces.component.UIComponentBase.processValidators(UIComponentBase.java:1261)
		at javax.faces.component.UIViewRoot.processValidators(UIViewRoot.java:1195)
		at com.sun.faces.lifecycle.ProcessValidationsPhase.execute(ProcessValidationsPhase.java:76)
		at com.sun.faces.lifecycle.Phase.doPhase(Phase.java:101)
		at com.sun.faces.lifecycle.LifecycleImpl.execute(LifecycleImpl.java:198)
		at javax.faces.webapp.FacesServlet.service(FacesServlet.java:658)
		at org.apache.catalina.core.ApplicationFilterChain.internalDoFilter(ApplicationFilterChain.java:212)
		at org.apache.catalina.core.ApplicationFilterChain.doFilter(ApplicationFilterChain.java:156)
		at org.apache.tomcat.websocket.server.WsFilter.doFilter(WsFilter.java:51)
		at org.apache.catalina.core.ApplicationFilterChain.internalDoFilter(ApplicationFilterChain.java:181)
		at org.apache.catalina.core.ApplicationFilterChain.doFilter(ApplicationFilterChain.java:156)
		at org.apache.catalina.core.StandardWrapperValve.invoke(StandardWrapperValve.java:168)
		at org.apache.catalina.core.StandardContextValve.invoke(StandardContextValve.java:90)
		at org.apache.catalina.authenticator.AuthenticatorBase.invoke(AuthenticatorBase.java:483)
		at org.apache.catalina.core.StandardHostValve.invoke(StandardHostValve.java:130)
		at org.apache.catalina.valves.ErrorReportValve.invoke(ErrorReportValve.java:93)
		at org.apache.catalina.valves.AbstractAccessLogValve.invoke(AbstractAccessLogValve.java:679)
		at org.apache.catalina.core.StandardEngineValve.invoke(StandardEngineValve.java:74)
		at org.apache.catalina.connector.CoyoteAdapter.service(CoyoteAdapter.java:343)
		at org.apache.coyote.http11.Http11Processor.service(Http11Processor.java:617)
		at org.apache.coyote.AbstractProcessorLight.process(AbstractProcessorLight.java:63)
		at org.apache.coyote.AbstractProtocol$ConnectionHandler.process(AbstractProtocol.java:932)
		at org.apache.tomcat.util.net.NioEndpoint$SocketProcessor.doRun(NioEndpoint.java:1694)
		at org.apache.tomcat.util.net.SocketProcessorBase.run(SocketProcessorBase.java:52)
		at org.apache.tomcat.util.threads.ThreadPoolExecutor.runWorker(ThreadPoolExecutor.java:1191)
		at org.apache.tomcat.util.threads.ThreadPoolExecutor$Worker.run(ThreadPoolExecutor.java:659)
		at org.apache.tomcat.util.threads.TaskThread$WrappingRunnable.run(TaskThread.java:61)
		at java.base/java.lang.Thread.run(Thread.java:833)
	Caused by: javax.el.PropertyNotFoundException: Target Unreachable, identifier [s] resolved to null
		at org.apache.el.parser.AstValue.getTarget(AstValue.java:73)
		at org.apache.el.parser.AstValue.getType(AstValue.java:57)
		at org.apache.el.ValueExpressionImpl.getType(ValueExpressionImpl.java:173)
		at com.sun.faces.facelets.el.TagValueExpression.getType(TagValueExpression.java:98)
		... 35 more
