29-Dec-2023 22:22:12.631 SEVERE [http-nio-8082-exec-2] org.apache.catalina.core.StandardWrapperValve.invoke Servlet.service() for servlet [Faces Servlet] in context with path [/MyWebApplication] threw exception [Cant instantiate class: controller.AccountController.] with root cause
	org.hibernate.AnnotationException: Property 'entities.Sale.product' is not a collection and may not be a '@OneToMany', '@ManyToMany', or '@ElementCollection'
		at org.hibernate.boot.model.internal.CollectionBinder.determineSemanticJavaType(CollectionBinder.java:1083)
		at org.hibernate.boot.model.internal.CollectionBinder.determineCollectionClassification(CollectionBinder.java:975)
		at org.hibernate.boot.model.internal.CollectionBinder.createBinderAutomatically(CollectionBinder.java:817)
		at org.hibernate.boot.model.internal.CollectionBinder.getCollectionBinder(CollectionBinder.java:810)
		at org.hibernate.boot.model.internal.CollectionBinder.bindCollection(CollectionBinder.java:270)
		at org.hibernate.boot.model.internal.PropertyBinder.bindProperty(PropertyBinder.java:851)
		at org.hibernate.boot.model.internal.PropertyBinder.buildProperty(PropertyBinder.java:765)
		at org.hibernate.boot.model.internal.PropertyBinder.processElementAnnotations(PropertyBinder.java:686)
		at org.hibernate.boot.model.internal.EntityBinder.processIdPropertiesIfNotAlready(EntityBinder.java:961)
		at org.hibernate.boot.model.internal.EntityBinder.handleIdentifier(EntityBinder.java:302)
		at org.hibernate.boot.model.internal.EntityBinder.bindEntityClass(EntityBinder.java:228)
		at org.hibernate.boot.model.internal.AnnotationBinder.bindClass(AnnotationBinder.java:417)
		at org.hibernate.boot.model.source.internal.annotations.AnnotationMetadataSourceProcessorImpl.processEntityHierarchies(AnnotationMetadataSourceProcessorImpl.java:255)
		at org.hibernate.boot.model.process.spi.MetadataBuildingProcess$1.processEntityHierarchies(MetadataBuildingProcess.java:275)
		at org.hibernate.boot.model.process.spi.MetadataBuildingProcess.complete(MetadataBuildingProcess.java:318)
		at org.hibernate.boot.model.process.spi.MetadataBuildingProcess.build(MetadataBuildingProcess.java:125)
		at org.hibernate.boot.internal.MetadataBuilderImpl.build(MetadataBuilderImpl.java:451)
		at org.hibernate.boot.internal.MetadataBuilderImpl.build(MetadataBuilderImpl.java:102)
		at org.hibernate.cfg.Configuration.buildSessionFactory(Configuration.java:863)
		at org.hibernate.cfg.Configuration.buildSessionFactory(Configuration.java:913)
		at model.AbstractModel.<init>(AbstractModel.java:19)
		at model.AccountModel.<init>(AccountModel.java:9)
		at controller.AccountController.<init>(AccountController.java:12)
		at java.base/jdk.internal.reflect.NativeConstructorAccessorImpl.newInstance0(Native Method)
		at java.base/jdk.internal.reflect.NativeConstructorAccessorImpl.newInstance(NativeConstructorAccessorImpl.java:77)
		at java.base/jdk.internal.reflect.DelegatingConstructorAccessorImpl.newInstance(DelegatingConstructorAccessorImpl.java:45)
		at java.base/java.lang.reflect.Constructor.newInstanceWithCaller(Constructor.java:499)
		at java.base/java.lang.reflect.ReflectAccess.newInstance(ReflectAccess.java:128)
		at java.base/jdk.internal.reflect.ReflectionFactory.newInstance(ReflectionFactory.java:347)
		at java.base/java.lang.Class.newInstance(Class.java:645)
		at com.sun.faces.mgbean.BeanBuilder.newBeanInstance(BeanBuilder.java:186)
		at com.sun.faces.mgbean.BeanBuilder.build(BeanBuilder.java:100)
		at com.sun.faces.mgbean.BeanManager.createAndPush(BeanManager.java:409)
		at com.sun.faces.mgbean.BeanManager.create(BeanManager.java:269)
		at com.sun.faces.el.ManagedBeanELResolver.resolveBean(ManagedBeanELResolver.java:257)
		at com.sun.faces.el.ManagedBeanELResolver.getValue(ManagedBeanELResolver.java:117)
		at com.sun.faces.el.DemuxCompositeELResolver._getValue(DemuxCompositeELResolver.java:176)
		at com.sun.faces.el.DemuxCompositeELResolver.getValue(DemuxCompositeELResolver.java:203)
		at org.apache.el.parser.AstIdentifier.getValue(AstIdentifier.java:93)
		at org.apache.el.parser.AstValue.getValue(AstValue.java:136)
		at org.apache.el.ValueExpressionImpl.getValue(ValueExpressionImpl.java:189)
		at com.sun.faces.facelets.el.TagValueExpression.getValue(TagValueExpression.java:109)
		at javax.faces.component.ComponentStateHelper.eval(ComponentStateHelper.java:194)
		at javax.faces.component.ComponentStateHelper.eval(ComponentStateHelper.java:182)
		at javax.faces.component.UIOutput.getValue(UIOutput.java:174)
		at com.sun.faces.renderkit.html_basic.HtmlBasicInputRenderer.getValue(HtmlBasicInputRenderer.java:205)
		at com.sun.faces.renderkit.html_basic.HtmlBasicRenderer.getCurrentValue(HtmlBasicRenderer.java:355)
		at com.sun.faces.renderkit.html_basic.HtmlBasicRenderer.encodeEnd(HtmlBasicRenderer.java:164)
		at javax.faces.component.UIComponentBase.encodeEnd(UIComponentBase.java:920)
		at javax.faces.component.UIComponent.encodeAll(UIComponent.java:1863)
		at javax.faces.component.UIComponent.encodeAll(UIComponent.java:1859)
		at com.sun.faces.application.view.FaceletViewHandlingStrategy.renderView(FaceletViewHandlingStrategy.java:456)
		at com.sun.faces.application.view.MultiViewHandler.renderView(MultiViewHandler.java:134)
		at com.sun.faces.lifecycle.RenderResponsePhase.execute(RenderResponsePhase.java:120)
		at com.sun.faces.lifecycle.Phase.doPhase(Phase.java:101)
		at com.sun.faces.lifecycle.LifecycleImpl.render(LifecycleImpl.java:219)
		at javax.faces.webapp.FacesServlet.service(FacesServlet.java:659)
		at org.apache.catalina.core.ApplicationFilterChain.internalDoFilter(ApplicationFilterChain.java:212)
		at org.apache.catalina.core.ApplicationFilterChain.doFilter(ApplicationFilterChain.java:156)
		at org.apache.tomcat.websocket.server.WsFilter.doFilter(WsFilter.java:51)
		at org.apache.catalina.core.ApplicationFilterChain.internalDoFilter(ApplicationFilterChain.java:181)
		at org.apache.catalina.core.ApplicationFilterChain.doFilter(ApplicationFilterChain.java:156)
		at org.apache.catalina.core.StandardWrapperValve.invoke(StandardWrapperValve.java:168)
		at org.apache.catalina.core.StandardContextValve.invoke(StandardContextValve.java:90)
		at org.apache.catalina.authenticator.AuthenticatorBase.invoke(AuthenticatorBase.java:483)
		at org.apache.catalina.core.StandardHostValve.invoke(StandardHostValve.java:130)
		at org.apache.catalina.valves.ErrorReportValve.invoke(ErrorReportValve.java:93)
		at org.apache.catalina.valves.AbstractAccessLogValve.invoke(AbstractAccessLogValve.java:679)
		at org.apache.catalina.core.StandardEngineValve.invoke(StandardEngineValve.java:74)
		at org.apache.catalina.connector.CoyoteAdapter.service(CoyoteAdapter.java:343)
		at org.apache.coyote.http11.Http11Processor.service(Http11Processor.java:617)
		at org.apache.coyote.AbstractProcessorLight.process(AbstractProcessorLight.java:63)
		at org.apache.coyote.AbstractProtocol$ConnectionHandler.process(AbstractProtocol.java:932)
		at org.apache.tomcat.util.net.NioEndpoint$SocketProcessor.doRun(NioEndpoint.java:1694)
		at org.apache.tomcat.util.net.SocketProcessorBase.run(SocketProcessorBase.java:52)
		at org.apache.tomcat.util.threads.ThreadPoolExecutor.runWorker(ThreadPoolExecutor.java:1191)
		at org.apache.tomcat.util.threads.ThreadPoolExecutor$Worker.run(ThreadPoolExecutor.java:659)
		at org.apache.tomcat.util.threads.TaskThread$WrappingRunnable.run(TaskThread.java:61)
		at java.base/java.lang.Thread.run(Thread.java:833)
29-Dec-2023 22:35:24.052 SEVERE [http-nio-8082-exec-2] org.apache.catalina.core.StandardWrapperValve.invoke Servlet.service() for servlet [Faces Servlet] in context with path [/MyWebApplication] threw exception [Cant instantiate class: controller.AccountController.] with root cause
	org.hibernate.AnnotationException: Collection 'entities.Product.sales' is 'mappedBy' a property named 'product' which does not exist in the target entity 'entities.Sale'
		at org.hibernate.boot.model.internal.CollectionBinder.isReversePropertyInJoin(CollectionBinder.java:1568)
		at org.hibernate.boot.model.internal.CollectionBinder.noAssociationTable(CollectionBinder.java:1582)
		at org.hibernate.boot.model.internal.CollectionBinder.bindStarToManySecondPass(CollectionBinder.java:1543)
		at org.hibernate.boot.model.internal.CollectionBinder$1.secondPass(CollectionBinder.java:1534)
		at org.hibernate.boot.model.internal.CollectionSecondPass.doSecondPass(CollectionSecondPass.java:45)
		at org.hibernate.boot.internal.InFlightMetadataCollectorImpl.processSecondPasses(InFlightMetadataCollectorImpl.java:1857)
		at org.hibernate.boot.internal.InFlightMetadataCollectorImpl.processSecondPasses(InFlightMetadataCollectorImpl.java:1814)
		at org.hibernate.boot.model.process.spi.MetadataBuildingProcess.complete(MetadataBuildingProcess.java:328)
		at org.hibernate.boot.model.process.spi.MetadataBuildingProcess.build(MetadataBuildingProcess.java:125)
		at org.hibernate.boot.internal.MetadataBuilderImpl.build(MetadataBuilderImpl.java:451)
		at org.hibernate.boot.internal.MetadataBuilderImpl.build(MetadataBuilderImpl.java:102)
		at org.hibernate.cfg.Configuration.buildSessionFactory(Configuration.java:863)
		at org.hibernate.cfg.Configuration.buildSessionFactory(Configuration.java:913)
		at model.AbstractModel.<init>(AbstractModel.java:19)
		at model.AccountModel.<init>(AccountModel.java:9)
		at controller.AccountController.<init>(AccountController.java:12)
		at java.base/jdk.internal.reflect.NativeConstructorAccessorImpl.newInstance0(Native Method)
		at java.base/jdk.internal.reflect.NativeConstructorAccessorImpl.newInstance(NativeConstructorAccessorImpl.java:77)
		at java.base/jdk.internal.reflect.DelegatingConstructorAccessorImpl.newInstance(DelegatingConstructorAccessorImpl.java:45)
		at java.base/java.lang.reflect.Constructor.newInstanceWithCaller(Constructor.java:499)
		at java.base/java.lang.reflect.ReflectAccess.newInstance(ReflectAccess.java:128)
		at java.base/jdk.internal.reflect.ReflectionFactory.newInstance(ReflectionFactory.java:347)
		at java.base/java.lang.Class.newInstance(Class.java:645)
		at com.sun.faces.mgbean.BeanBuilder.newBeanInstance(BeanBuilder.java:186)
		at com.sun.faces.mgbean.BeanBuilder.build(BeanBuilder.java:100)
		at com.sun.faces.mgbean.BeanManager.createAndPush(BeanManager.java:409)
		at com.sun.faces.mgbean.BeanManager.create(BeanManager.java:269)
		at com.sun.faces.el.ManagedBeanELResolver.resolveBean(ManagedBeanELResolver.java:257)
		at com.sun.faces.el.ManagedBeanELResolver.getValue(ManagedBeanELResolver.java:117)
		at com.sun.faces.el.DemuxCompositeELResolver._getValue(DemuxCompositeELResolver.java:176)
		at com.sun.faces.el.DemuxCompositeELResolver.getValue(DemuxCompositeELResolver.java:203)
		at org.apache.el.parser.AstIdentifier.getValue(AstIdentifier.java:93)
		at org.apache.el.parser.AstValue.getValue(AstValue.java:136)
		at org.apache.el.ValueExpressionImpl.getValue(ValueExpressionImpl.java:189)
		at com.sun.faces.facelets.el.TagValueExpression.getValue(TagValueExpression.java:109)
		at javax.faces.component.ComponentStateHelper.eval(ComponentStateHelper.java:194)
		at javax.faces.component.ComponentStateHelper.eval(ComponentStateHelper.java:182)
		at javax.faces.component.UIOutput.getValue(UIOutput.java:174)
		at com.sun.faces.renderkit.html_basic.HtmlBasicInputRenderer.getValue(HtmlBasicInputRenderer.java:205)
		at com.sun.faces.renderkit.html_basic.HtmlBasicRenderer.getCurrentValue(HtmlBasicRenderer.java:355)
		at com.sun.faces.renderkit.html_basic.HtmlBasicRenderer.encodeEnd(HtmlBasicRenderer.java:164)
		at javax.faces.component.UIComponentBase.encodeEnd(UIComponentBase.java:920)
		at javax.faces.component.UIComponent.encodeAll(UIComponent.java:1863)
		at javax.faces.component.UIComponent.encodeAll(UIComponent.java:1859)
		at com.sun.faces.application.view.FaceletViewHandlingStrategy.renderView(FaceletViewHandlingStrategy.java:456)
		at com.sun.faces.application.view.MultiViewHandler.renderView(MultiViewHandler.java:134)
		at com.sun.faces.lifecycle.RenderResponsePhase.execute(RenderResponsePhase.java:120)
		at com.sun.faces.lifecycle.Phase.doPhase(Phase.java:101)
		at com.sun.faces.lifecycle.LifecycleImpl.render(LifecycleImpl.java:219)
		at javax.faces.webapp.FacesServlet.service(FacesServlet.java:659)
		at org.apache.catalina.core.ApplicationFilterChain.internalDoFilter(ApplicationFilterChain.java:212)
		at org.apache.catalina.core.ApplicationFilterChain.doFilter(ApplicationFilterChain.java:156)
		at org.apache.tomcat.websocket.server.WsFilter.doFilter(WsFilter.java:51)
		at org.apache.catalina.core.ApplicationFilterChain.internalDoFilter(ApplicationFilterChain.java:181)
		at org.apache.catalina.core.ApplicationFilterChain.doFilter(ApplicationFilterChain.java:156)
		at org.apache.catalina.core.StandardWrapperValve.invoke(StandardWrapperValve.java:168)
		at org.apache.catalina.core.StandardContextValve.invoke(StandardContextValve.java:90)
		at org.apache.catalina.authenticator.AuthenticatorBase.invoke(AuthenticatorBase.java:483)
		at org.apache.catalina.core.StandardHostValve.invoke(StandardHostValve.java:130)
		at org.apache.catalina.valves.ErrorReportValve.invoke(ErrorReportValve.java:93)
		at org.apache.catalina.valves.AbstractAccessLogValve.invoke(AbstractAccessLogValve.java:679)
		at org.apache.catalina.core.StandardEngineValve.invoke(StandardEngineValve.java:74)
		at org.apache.catalina.connector.CoyoteAdapter.service(CoyoteAdapter.java:343)
		at org.apache.coyote.http11.Http11Processor.service(Http11Processor.java:617)
		at org.apache.coyote.AbstractProcessorLight.process(AbstractProcessorLight.java:63)
		at org.apache.coyote.AbstractProtocol$ConnectionHandler.process(AbstractProtocol.java:932)
		at org.apache.tomcat.util.net.NioEndpoint$SocketProcessor.doRun(NioEndpoint.java:1694)
		at org.apache.tomcat.util.net.SocketProcessorBase.run(SocketProcessorBase.java:52)
		at org.apache.tomcat.util.threads.ThreadPoolExecutor.runWorker(ThreadPoolExecutor.java:1191)
		at org.apache.tomcat.util.threads.ThreadPoolExecutor$Worker.run(ThreadPoolExecutor.java:659)
		at org.apache.tomcat.util.threads.TaskThread$WrappingRunnable.run(TaskThread.java:61)
		at java.base/java.lang.Thread.run(Thread.java:833)
29-Dec-2023 22:41:17.093 SEVERE [http-nio-8082-exec-4] org.apache.catalina.core.StandardWrapperValve.invoke Servlet.service() for servlet [Faces Servlet] in context with path [/MyWebApplication] threw exception [/addSale.xhtml @15,57 value="#{saleController.buyerId}": Property [buyerId] not found on type [controller.SaleController]] with root cause
	javax.el.PropertyNotFoundException: Property [buyerId] not found on type [controller.SaleController]
		at javax.el.BeanELResolver$BeanProperties.get(BeanELResolver.java:257)
		at javax.el.BeanELResolver$BeanProperties.access$300(BeanELResolver.java:210)
		at javax.el.BeanELResolver.property(BeanELResolver.java:326)
		at javax.el.BeanELResolver.getValue(BeanELResolver.java:97)
		at com.sun.faces.el.DemuxCompositeELResolver._getValue(DemuxCompositeELResolver.java:176)
		at com.sun.faces.el.DemuxCompositeELResolver.getValue(DemuxCompositeELResolver.java:203)
		at org.apache.el.parser.AstValue.getValue(AstValue.java:168)
		at org.apache.el.ValueExpressionImpl.getValue(ValueExpressionImpl.java:189)
		at com.sun.faces.facelets.el.TagValueExpression.getValue(TagValueExpression.java:109)
		at javax.faces.component.ComponentStateHelper.eval(ComponentStateHelper.java:194)
		at javax.faces.component.ComponentStateHelper.eval(ComponentStateHelper.java:182)
		at javax.faces.component.UIOutput.getValue(UIOutput.java:174)
		at javax.faces.component.UIInput.getValue(UIInput.java:293)
		at com.sun.faces.renderkit.html_basic.HtmlBasicInputRenderer.getValue(HtmlBasicInputRenderer.java:205)
		at com.sun.faces.renderkit.html_basic.HtmlBasicRenderer.getCurrentValue(HtmlBasicRenderer.java:355)
		at com.sun.faces.renderkit.html_basic.HtmlBasicRenderer.encodeEnd(HtmlBasicRenderer.java:164)
		at javax.faces.component.UIComponentBase.encodeEnd(UIComponentBase.java:920)
		at com.sun.faces.renderkit.html_basic.HtmlBasicRenderer.encodeRecursive(HtmlBasicRenderer.java:312)
		at com.sun.faces.renderkit.html_basic.GridRenderer.renderRow(GridRenderer.java:185)
		at com.sun.faces.renderkit.html_basic.GridRenderer.encodeChildren(GridRenderer.java:129)
		at javax.faces.component.UIComponentBase.encodeChildren(UIComponentBase.java:890)
		at javax.faces.component.UIComponent.encodeAll(UIComponent.java:1856)
		at javax.faces.render.Renderer.encodeChildren(Renderer.java:176)
		at javax.faces.component.UIComponentBase.encodeChildren(UIComponentBase.java:890)
		at javax.faces.component.UIComponent.encodeAll(UIComponent.java:1856)
		at javax.faces.component.UIComponent.encodeAll(UIComponent.java:1859)
		at com.sun.faces.application.view.FaceletViewHandlingStrategy.renderView(FaceletViewHandlingStrategy.java:456)
		at com.sun.faces.application.view.MultiViewHandler.renderView(MultiViewHandler.java:134)
		at com.sun.faces.lifecycle.RenderResponsePhase.execute(RenderResponsePhase.java:120)
		at com.sun.faces.lifecycle.Phase.doPhase(Phase.java:101)
		at com.sun.faces.lifecycle.LifecycleImpl.render(LifecycleImpl.java:219)
		at javax.faces.webapp.FacesServlet.service(FacesServlet.java:659)
		at org.apache.catalina.core.ApplicationFilterChain.internalDoFilter(ApplicationFilterChain.java:212)
		at org.apache.catalina.core.ApplicationFilterChain.doFilter(ApplicationFilterChain.java:156)
		at org.apache.tomcat.websocket.server.WsFilter.doFilter(WsFilter.java:51)
		at org.apache.catalina.core.ApplicationFilterChain.internalDoFilter(ApplicationFilterChain.java:181)
		at org.apache.catalina.core.ApplicationFilterChain.doFilter(ApplicationFilterChain.java:156)
		at org.apache.catalina.core.StandardWrapperValve.invoke(StandardWrapperValve.java:168)
		at org.apache.catalina.core.StandardContextValve.invoke(StandardContextValve.java:90)
		at org.apache.catalina.authenticator.AuthenticatorBase.invoke(AuthenticatorBase.java:483)
		at org.apache.catalina.core.StandardHostValve.invoke(StandardHostValve.java:130)
		at org.apache.catalina.valves.ErrorReportValve.invoke(ErrorReportValve.java:93)
		at org.apache.catalina.valves.AbstractAccessLogValve.invoke(AbstractAccessLogValve.java:679)
		at org.apache.catalina.core.StandardEngineValve.invoke(StandardEngineValve.java:74)
		at org.apache.catalina.connector.CoyoteAdapter.service(CoyoteAdapter.java:343)
		at org.apache.coyote.http11.Http11Processor.service(Http11Processor.java:617)
		at org.apache.coyote.AbstractProcessorLight.process(AbstractProcessorLight.java:63)
		at org.apache.coyote.AbstractProtocol$ConnectionHandler.process(AbstractProtocol.java:932)
		at org.apache.tomcat.util.net.NioEndpoint$SocketProcessor.doRun(NioEndpoint.java:1694)
		at org.apache.tomcat.util.net.SocketProcessorBase.run(SocketProcessorBase.java:52)
		at org.apache.tomcat.util.threads.ThreadPoolExecutor.runWorker(ThreadPoolExecutor.java:1191)
		at org.apache.tomcat.util.threads.ThreadPoolExecutor$Worker.run(ThreadPoolExecutor.java:659)
		at org.apache.tomcat.util.threads.TaskThread$WrappingRunnable.run(TaskThread.java:61)
		at java.base/java.lang.Thread.run(Thread.java:833)
29-Dec-2023 22:42:47.501 SEVERE [http-nio-8082-exec-4] org.apache.catalina.core.StandardWrapperValve.invoke Servlet.service() for servlet [Faces Servlet] in context with path [/MyWebApplication] threw exception [/addSale.xhtml @15,55 value="#{saleController.buyer}": Property [buyer] not found on type [controller.SaleController]] with root cause
	javax.el.PropertyNotFoundException: Property [buyer] not found on type [controller.SaleController]
		at javax.el.BeanELResolver$BeanProperties.get(BeanELResolver.java:257)
		at javax.el.BeanELResolver$BeanProperties.access$300(BeanELResolver.java:210)
		at javax.el.BeanELResolver.property(BeanELResolver.java:326)
		at javax.el.BeanELResolver.getValue(BeanELResolver.java:97)
		at com.sun.faces.el.DemuxCompositeELResolver._getValue(DemuxCompositeELResolver.java:176)
		at com.sun.faces.el.DemuxCompositeELResolver.getValue(DemuxCompositeELResolver.java:203)
		at org.apache.el.parser.AstValue.getValue(AstValue.java:168)
		at org.apache.el.ValueExpressionImpl.getValue(ValueExpressionImpl.java:189)
		at com.sun.faces.facelets.el.TagValueExpression.getValue(TagValueExpression.java:109)
		at javax.faces.component.ComponentStateHelper.eval(ComponentStateHelper.java:194)
		at javax.faces.component.ComponentStateHelper.eval(ComponentStateHelper.java:182)
		at javax.faces.component.UIOutput.getValue(UIOutput.java:174)
		at javax.faces.component.UIInput.getValue(UIInput.java:293)
		at com.sun.faces.renderkit.html_basic.HtmlBasicInputRenderer.getValue(HtmlBasicInputRenderer.java:205)
		at com.sun.faces.renderkit.html_basic.HtmlBasicRenderer.getCurrentValue(HtmlBasicRenderer.java:355)
		at com.sun.faces.renderkit.html_basic.HtmlBasicRenderer.encodeEnd(HtmlBasicRenderer.java:164)
		at javax.faces.component.UIComponentBase.encodeEnd(UIComponentBase.java:920)
		at com.sun.faces.renderkit.html_basic.HtmlBasicRenderer.encodeRecursive(HtmlBasicRenderer.java:312)
		at com.sun.faces.renderkit.html_basic.GridRenderer.renderRow(GridRenderer.java:185)
		at com.sun.faces.renderkit.html_basic.GridRenderer.encodeChildren(GridRenderer.java:129)
		at javax.faces.component.UIComponentBase.encodeChildren(UIComponentBase.java:890)
		at javax.faces.component.UIComponent.encodeAll(UIComponent.java:1856)
		at javax.faces.render.Renderer.encodeChildren(Renderer.java:176)
		at javax.faces.component.UIComponentBase.encodeChildren(UIComponentBase.java:890)
		at javax.faces.component.UIComponent.encodeAll(UIComponent.java:1856)
		at javax.faces.component.UIComponent.encodeAll(UIComponent.java:1859)
		at com.sun.faces.application.view.FaceletViewHandlingStrategy.renderView(FaceletViewHandlingStrategy.java:456)
		at com.sun.faces.application.view.MultiViewHandler.renderView(MultiViewHandler.java:134)
		at com.sun.faces.lifecycle.RenderResponsePhase.execute(RenderResponsePhase.java:120)
		at com.sun.faces.lifecycle.Phase.doPhase(Phase.java:101)
		at com.sun.faces.lifecycle.LifecycleImpl.render(LifecycleImpl.java:219)
		at javax.faces.webapp.FacesServlet.service(FacesServlet.java:659)
		at org.apache.catalina.core.ApplicationFilterChain.internalDoFilter(ApplicationFilterChain.java:212)
		at org.apache.catalina.core.ApplicationFilterChain.doFilter(ApplicationFilterChain.java:156)
		at org.apache.tomcat.websocket.server.WsFilter.doFilter(WsFilter.java:51)
		at org.apache.catalina.core.ApplicationFilterChain.internalDoFilter(ApplicationFilterChain.java:181)
		at org.apache.catalina.core.ApplicationFilterChain.doFilter(ApplicationFilterChain.java:156)
		at org.apache.catalina.core.StandardWrapperValve.invoke(StandardWrapperValve.java:168)
		at org.apache.catalina.core.StandardContextValve.invoke(StandardContextValve.java:90)
		at org.apache.catalina.authenticator.AuthenticatorBase.invoke(AuthenticatorBase.java:483)
		at org.apache.catalina.core.StandardHostValve.invoke(StandardHostValve.java:130)
		at org.apache.catalina.valves.ErrorReportValve.invoke(ErrorReportValve.java:93)
		at org.apache.catalina.valves.AbstractAccessLogValve.invoke(AbstractAccessLogValve.java:679)
		at org.apache.catalina.core.StandardEngineValve.invoke(StandardEngineValve.java:74)
		at org.apache.catalina.connector.CoyoteAdapter.service(CoyoteAdapter.java:343)
		at org.apache.coyote.http11.Http11Processor.service(Http11Processor.java:617)
		at org.apache.coyote.AbstractProcessorLight.process(AbstractProcessorLight.java:63)
		at org.apache.coyote.AbstractProtocol$ConnectionHandler.process(AbstractProtocol.java:932)
		at org.apache.tomcat.util.net.NioEndpoint$SocketProcessor.doRun(NioEndpoint.java:1694)
		at org.apache.tomcat.util.net.SocketProcessorBase.run(SocketProcessorBase.java:52)
		at org.apache.tomcat.util.threads.ThreadPoolExecutor.runWorker(ThreadPoolExecutor.java:1191)
		at org.apache.tomcat.util.threads.ThreadPoolExecutor$Worker.run(ThreadPoolExecutor.java:659)
		at org.apache.tomcat.util.threads.TaskThread$WrappingRunnable.run(TaskThread.java:61)
		at java.base/java.lang.Thread.run(Thread.java:833)
29-Dec-2023 23:22:49.631 SEVERE [http-nio-8082-exec-4] org.apache.catalina.core.StandardWrapperValve.invoke Servlet.service() for servlet [Faces Servlet] in context with path [/MyWebApplication] threw exception [/addSale.xhtml @15,55 value="#{saleController.buyer}": Property [buyer] not found on type [controller.SaleController]] with root cause
	javax.el.PropertyNotFoundException: Property [buyer] not found on type [controller.SaleController]
		at javax.el.BeanELResolver$BeanProperties.get(BeanELResolver.java:257)
		at javax.el.BeanELResolver$BeanProperties.access$300(BeanELResolver.java:210)
		at javax.el.BeanELResolver.property(BeanELResolver.java:326)
		at javax.el.BeanELResolver.getValue(BeanELResolver.java:97)
		at com.sun.faces.el.DemuxCompositeELResolver._getValue(DemuxCompositeELResolver.java:176)
		at com.sun.faces.el.DemuxCompositeELResolver.getValue(DemuxCompositeELResolver.java:203)
		at org.apache.el.parser.AstValue.getValue(AstValue.java:168)
		at org.apache.el.ValueExpressionImpl.getValue(ValueExpressionImpl.java:189)
		at com.sun.faces.facelets.el.TagValueExpression.getValue(TagValueExpression.java:109)
		at javax.faces.component.ComponentStateHelper.eval(ComponentStateHelper.java:194)
		at javax.faces.component.ComponentStateHelper.eval(ComponentStateHelper.java:182)
		at javax.faces.component.UIOutput.getValue(UIOutput.java:174)
		at javax.faces.component.UIInput.getValue(UIInput.java:293)
		at com.sun.faces.renderkit.html_basic.HtmlBasicInputRenderer.getValue(HtmlBasicInputRenderer.java:205)
		at com.sun.faces.renderkit.html_basic.HtmlBasicRenderer.getCurrentValue(HtmlBasicRenderer.java:355)
		at com.sun.faces.renderkit.html_basic.HtmlBasicRenderer.encodeEnd(HtmlBasicRenderer.java:164)
		at javax.faces.component.UIComponentBase.encodeEnd(UIComponentBase.java:920)
		at com.sun.faces.renderkit.html_basic.HtmlBasicRenderer.encodeRecursive(HtmlBasicRenderer.java:312)
		at com.sun.faces.renderkit.html_basic.GridRenderer.renderRow(GridRenderer.java:185)
		at com.sun.faces.renderkit.html_basic.GridRenderer.encodeChildren(GridRenderer.java:129)
		at javax.faces.component.UIComponentBase.encodeChildren(UIComponentBase.java:890)
		at javax.faces.component.UIComponent.encodeAll(UIComponent.java:1856)
		at javax.faces.render.Renderer.encodeChildren(Renderer.java:176)
		at javax.faces.component.UIComponentBase.encodeChildren(UIComponentBase.java:890)
		at javax.faces.component.UIComponent.encodeAll(UIComponent.java:1856)
		at javax.faces.component.UIComponent.encodeAll(UIComponent.java:1859)
		at com.sun.faces.application.view.FaceletViewHandlingStrategy.renderView(FaceletViewHandlingStrategy.java:456)
		at com.sun.faces.application.view.MultiViewHandler.renderView(MultiViewHandler.java:134)
		at com.sun.faces.lifecycle.RenderResponsePhase.execute(RenderResponsePhase.java:120)
		at com.sun.faces.lifecycle.Phase.doPhase(Phase.java:101)
		at com.sun.faces.lifecycle.LifecycleImpl.render(LifecycleImpl.java:219)
		at javax.faces.webapp.FacesServlet.service(FacesServlet.java:659)
		at org.apache.catalina.core.ApplicationFilterChain.internalDoFilter(ApplicationFilterChain.java:212)
		at org.apache.catalina.core.ApplicationFilterChain.doFilter(ApplicationFilterChain.java:156)
		at org.apache.tomcat.websocket.server.WsFilter.doFilter(WsFilter.java:51)
		at org.apache.catalina.core.ApplicationFilterChain.internalDoFilter(ApplicationFilterChain.java:181)
		at org.apache.catalina.core.ApplicationFilterChain.doFilter(ApplicationFilterChain.java:156)
		at org.apache.catalina.core.StandardWrapperValve.invoke(StandardWrapperValve.java:168)
		at org.apache.catalina.core.StandardContextValve.invoke(StandardContextValve.java:90)
		at org.apache.catalina.authenticator.AuthenticatorBase.invoke(AuthenticatorBase.java:483)
		at org.apache.catalina.core.StandardHostValve.invoke(StandardHostValve.java:130)
		at org.apache.catalina.valves.ErrorReportValve.invoke(ErrorReportValve.java:93)
		at org.apache.catalina.valves.AbstractAccessLogValve.invoke(AbstractAccessLogValve.java:679)
		at org.apache.catalina.core.StandardEngineValve.invoke(StandardEngineValve.java:74)
		at org.apache.catalina.connector.CoyoteAdapter.service(CoyoteAdapter.java:343)
		at org.apache.coyote.http11.Http11Processor.service(Http11Processor.java:617)
		at org.apache.coyote.AbstractProcessorLight.process(AbstractProcessorLight.java:63)
		at org.apache.coyote.AbstractProtocol$ConnectionHandler.process(AbstractProtocol.java:932)
		at org.apache.tomcat.util.net.NioEndpoint$SocketProcessor.doRun(NioEndpoint.java:1694)
		at org.apache.tomcat.util.net.SocketProcessorBase.run(SocketProcessorBase.java:52)
		at org.apache.tomcat.util.threads.ThreadPoolExecutor.runWorker(ThreadPoolExecutor.java:1191)
		at org.apache.tomcat.util.threads.ThreadPoolExecutor$Worker.run(ThreadPoolExecutor.java:659)
		at org.apache.tomcat.util.threads.TaskThread$WrappingRunnable.run(TaskThread.java:61)
		at java.base/java.lang.Thread.run(Thread.java:833)
29-Dec-2023 23:31:08.075 SEVERE [http-nio-8082-exec-4] org.apache.catalina.core.StandardWrapperValve.invoke Servlet.service() for servlet [Faces Servlet] in context with path [/MyWebApplication] threw exception [/addSale.xhtml @15,55 value="#{saleController.buyer}": Property [buyer] not found on type [controller.SaleController]] with root cause
	javax.el.PropertyNotFoundException: Property [buyer] not found on type [controller.SaleController]
		at javax.el.BeanELResolver$BeanProperties.get(BeanELResolver.java:257)
		at javax.el.BeanELResolver$BeanProperties.access$300(BeanELResolver.java:210)
		at javax.el.BeanELResolver.property(BeanELResolver.java:326)
		at javax.el.BeanELResolver.getValue(BeanELResolver.java:97)
		at com.sun.faces.el.DemuxCompositeELResolver._getValue(DemuxCompositeELResolver.java:176)
		at com.sun.faces.el.DemuxCompositeELResolver.getValue(DemuxCompositeELResolver.java:203)
		at org.apache.el.parser.AstValue.getValue(AstValue.java:168)
		at org.apache.el.ValueExpressionImpl.getValue(ValueExpressionImpl.java:189)
		at com.sun.faces.facelets.el.TagValueExpression.getValue(TagValueExpression.java:109)
		at javax.faces.component.ComponentStateHelper.eval(ComponentStateHelper.java:194)
		at javax.faces.component.ComponentStateHelper.eval(ComponentStateHelper.java:182)
		at javax.faces.component.UIOutput.getValue(UIOutput.java:174)
		at javax.faces.component.UIInput.getValue(UIInput.java:293)
		at com.sun.faces.renderkit.html_basic.HtmlBasicInputRenderer.getValue(HtmlBasicInputRenderer.java:205)
		at com.sun.faces.renderkit.html_basic.HtmlBasicRenderer.getCurrentValue(HtmlBasicRenderer.java:355)
		at com.sun.faces.renderkit.html_basic.HtmlBasicRenderer.encodeEnd(HtmlBasicRenderer.java:164)
		at javax.faces.component.UIComponentBase.encodeEnd(UIComponentBase.java:920)
		at com.sun.faces.renderkit.html_basic.HtmlBasicRenderer.encodeRecursive(HtmlBasicRenderer.java:312)
		at com.sun.faces.renderkit.html_basic.GridRenderer.renderRow(GridRenderer.java:185)
		at com.sun.faces.renderkit.html_basic.GridRenderer.encodeChildren(GridRenderer.java:129)
		at javax.faces.component.UIComponentBase.encodeChildren(UIComponentBase.java:890)
		at javax.faces.component.UIComponent.encodeAll(UIComponent.java:1856)
		at javax.faces.render.Renderer.encodeChildren(Renderer.java:176)
		at javax.faces.component.UIComponentBase.encodeChildren(UIComponentBase.java:890)
		at javax.faces.component.UIComponent.encodeAll(UIComponent.java:1856)
		at javax.faces.component.UIComponent.encodeAll(UIComponent.java:1859)
		at com.sun.faces.application.view.FaceletViewHandlingStrategy.renderView(FaceletViewHandlingStrategy.java:456)
		at com.sun.faces.application.view.MultiViewHandler.renderView(MultiViewHandler.java:134)
		at com.sun.faces.lifecycle.RenderResponsePhase.execute(RenderResponsePhase.java:120)
		at com.sun.faces.lifecycle.Phase.doPhase(Phase.java:101)
		at com.sun.faces.lifecycle.LifecycleImpl.render(LifecycleImpl.java:219)
		at javax.faces.webapp.FacesServlet.service(FacesServlet.java:659)
		at org.apache.catalina.core.ApplicationFilterChain.internalDoFilter(ApplicationFilterChain.java:212)
		at org.apache.catalina.core.ApplicationFilterChain.doFilter(ApplicationFilterChain.java:156)
		at org.apache.tomcat.websocket.server.WsFilter.doFilter(WsFilter.java:51)
		at org.apache.catalina.core.ApplicationFilterChain.internalDoFilter(ApplicationFilterChain.java:181)
		at org.apache.catalina.core.ApplicationFilterChain.doFilter(ApplicationFilterChain.java:156)
		at org.apache.catalina.core.StandardWrapperValve.invoke(StandardWrapperValve.java:168)
		at org.apache.catalina.core.StandardContextValve.invoke(StandardContextValve.java:90)
		at org.apache.catalina.authenticator.AuthenticatorBase.invoke(AuthenticatorBase.java:483)
		at org.apache.catalina.core.StandardHostValve.invoke(StandardHostValve.java:130)
		at org.apache.catalina.valves.ErrorReportValve.invoke(ErrorReportValve.java:93)
		at org.apache.catalina.valves.AbstractAccessLogValve.invoke(AbstractAccessLogValve.java:679)
		at org.apache.catalina.core.StandardEngineValve.invoke(StandardEngineValve.java:74)
		at org.apache.catalina.connector.CoyoteAdapter.service(CoyoteAdapter.java:343)
		at org.apache.coyote.http11.Http11Processor.service(Http11Processor.java:617)
		at org.apache.coyote.AbstractProcessorLight.process(AbstractProcessorLight.java:63)
		at org.apache.coyote.AbstractProtocol$ConnectionHandler.process(AbstractProtocol.java:932)
		at org.apache.tomcat.util.net.NioEndpoint$SocketProcessor.doRun(NioEndpoint.java:1694)
		at org.apache.tomcat.util.net.SocketProcessorBase.run(SocketProcessorBase.java:52)
		at org.apache.tomcat.util.threads.ThreadPoolExecutor.runWorker(ThreadPoolExecutor.java:1191)
		at org.apache.tomcat.util.threads.ThreadPoolExecutor$Worker.run(ThreadPoolExecutor.java:659)
		at org.apache.tomcat.util.threads.TaskThread$WrappingRunnable.run(TaskThread.java:61)
		at java.base/java.lang.Thread.run(Thread.java:833)
29-Dec-2023 23:31:51.766 SEVERE [http-nio-8082-exec-4] org.apache.catalina.core.StandardWrapperValve.invoke Servlet.service() for servlet [Faces Servlet] in context with path [/MyWebApplication] threw exception [/addSale.xhtml @15,57 value="#{saleController.buyerId}": Property [buyerId] not found on type [controller.SaleController]] with root cause
	javax.el.PropertyNotFoundException: Property [buyerId] not found on type [controller.SaleController]
		at javax.el.BeanELResolver$BeanProperties.get(BeanELResolver.java:257)
		at javax.el.BeanELResolver$BeanProperties.access$300(BeanELResolver.java:210)
		at javax.el.BeanELResolver.property(BeanELResolver.java:326)
		at javax.el.BeanELResolver.getValue(BeanELResolver.java:97)
		at com.sun.faces.el.DemuxCompositeELResolver._getValue(DemuxCompositeELResolver.java:176)
		at com.sun.faces.el.DemuxCompositeELResolver.getValue(DemuxCompositeELResolver.java:203)
		at org.apache.el.parser.AstValue.getValue(AstValue.java:168)
		at org.apache.el.ValueExpressionImpl.getValue(ValueExpressionImpl.java:189)
		at com.sun.faces.facelets.el.TagValueExpression.getValue(TagValueExpression.java:109)
		at javax.faces.component.ComponentStateHelper.eval(ComponentStateHelper.java:194)
		at javax.faces.component.ComponentStateHelper.eval(ComponentStateHelper.java:182)
		at javax.faces.component.UIOutput.getValue(UIOutput.java:174)
		at javax.faces.component.UIInput.getValue(UIInput.java:293)
		at com.sun.faces.renderkit.html_basic.HtmlBasicInputRenderer.getValue(HtmlBasicInputRenderer.java:205)
		at com.sun.faces.renderkit.html_basic.HtmlBasicRenderer.getCurrentValue(HtmlBasicRenderer.java:355)
		at com.sun.faces.renderkit.html_basic.HtmlBasicRenderer.encodeEnd(HtmlBasicRenderer.java:164)
		at javax.faces.component.UIComponentBase.encodeEnd(UIComponentBase.java:920)
		at com.sun.faces.renderkit.html_basic.HtmlBasicRenderer.encodeRecursive(HtmlBasicRenderer.java:312)
		at com.sun.faces.renderkit.html_basic.GridRenderer.renderRow(GridRenderer.java:185)
		at com.sun.faces.renderkit.html_basic.GridRenderer.encodeChildren(GridRenderer.java:129)
		at javax.faces.component.UIComponentBase.encodeChildren(UIComponentBase.java:890)
		at javax.faces.component.UIComponent.encodeAll(UIComponent.java:1856)
		at javax.faces.render.Renderer.encodeChildren(Renderer.java:176)
		at javax.faces.component.UIComponentBase.encodeChildren(UIComponentBase.java:890)
		at javax.faces.component.UIComponent.encodeAll(UIComponent.java:1856)
		at javax.faces.component.UIComponent.encodeAll(UIComponent.java:1859)
		at com.sun.faces.application.view.FaceletViewHandlingStrategy.renderView(FaceletViewHandlingStrategy.java:456)
		at com.sun.faces.application.view.MultiViewHandler.renderView(MultiViewHandler.java:134)
		at com.sun.faces.lifecycle.RenderResponsePhase.execute(RenderResponsePhase.java:120)
		at com.sun.faces.lifecycle.Phase.doPhase(Phase.java:101)
		at com.sun.faces.lifecycle.LifecycleImpl.render(LifecycleImpl.java:219)
		at javax.faces.webapp.FacesServlet.service(FacesServlet.java:659)
		at org.apache.catalina.core.ApplicationFilterChain.internalDoFilter(ApplicationFilterChain.java:212)
		at org.apache.catalina.core.ApplicationFilterChain.doFilter(ApplicationFilterChain.java:156)
		at org.apache.tomcat.websocket.server.WsFilter.doFilter(WsFilter.java:51)
		at org.apache.catalina.core.ApplicationFilterChain.internalDoFilter(ApplicationFilterChain.java:181)
		at org.apache.catalina.core.ApplicationFilterChain.doFilter(ApplicationFilterChain.java:156)
		at org.apache.catalina.core.StandardWrapperValve.invoke(StandardWrapperValve.java:168)
		at org.apache.catalina.core.StandardContextValve.invoke(StandardContextValve.java:90)
		at org.apache.catalina.authenticator.AuthenticatorBase.invoke(AuthenticatorBase.java:483)
		at org.apache.catalina.core.StandardHostValve.invoke(StandardHostValve.java:130)
		at org.apache.catalina.valves.ErrorReportValve.invoke(ErrorReportValve.java:93)
		at org.apache.catalina.valves.AbstractAccessLogValve.invoke(AbstractAccessLogValve.java:679)
		at org.apache.catalina.core.StandardEngineValve.invoke(StandardEngineValve.java:74)
		at org.apache.catalina.connector.CoyoteAdapter.service(CoyoteAdapter.java:343)
		at org.apache.coyote.http11.Http11Processor.service(Http11Processor.java:617)
		at org.apache.coyote.AbstractProcessorLight.process(AbstractProcessorLight.java:63)
		at org.apache.coyote.AbstractProtocol$ConnectionHandler.process(AbstractProtocol.java:932)
		at org.apache.tomcat.util.net.NioEndpoint$SocketProcessor.doRun(NioEndpoint.java:1694)
		at org.apache.tomcat.util.net.SocketProcessorBase.run(SocketProcessorBase.java:52)
		at org.apache.tomcat.util.threads.ThreadPoolExecutor.runWorker(ThreadPoolExecutor.java:1191)
		at org.apache.tomcat.util.threads.ThreadPoolExecutor$Worker.run(ThreadPoolExecutor.java:659)
		at org.apache.tomcat.util.threads.TaskThread$WrappingRunnable.run(TaskThread.java:61)
		at java.base/java.lang.Thread.run(Thread.java:833)
29-Dec-2023 23:34:25.078 SEVERE [http-nio-8082-exec-4] org.apache.catalina.core.StandardWrapperValve.invoke Servlet.service() for servlet [Faces Servlet] in context with path [/MyWebApplication] threw exception [/addSale.xhtml @15,59 value="#{saleController.s.buyerId}": Property [buyerId] not found on type [entities.Sale]] with root cause
	javax.el.PropertyNotFoundException: Property [buyerId] not found on type [entities.Sale]
		at javax.el.BeanELResolver$BeanProperties.get(BeanELResolver.java:257)
		at javax.el.BeanELResolver$BeanProperties.access$300(BeanELResolver.java:210)
		at javax.el.BeanELResolver.property(BeanELResolver.java:326)
		at javax.el.BeanELResolver.getValue(BeanELResolver.java:97)
		at com.sun.faces.el.DemuxCompositeELResolver._getValue(DemuxCompositeELResolver.java:176)
		at com.sun.faces.el.DemuxCompositeELResolver.getValue(DemuxCompositeELResolver.java:203)
		at org.apache.el.parser.AstValue.getValue(AstValue.java:168)
		at org.apache.el.ValueExpressionImpl.getValue(ValueExpressionImpl.java:189)
		at com.sun.faces.facelets.el.TagValueExpression.getValue(TagValueExpression.java:109)
		at javax.faces.component.ComponentStateHelper.eval(ComponentStateHelper.java:194)
		at javax.faces.component.ComponentStateHelper.eval(ComponentStateHelper.java:182)
		at javax.faces.component.UIOutput.getValue(UIOutput.java:174)
		at javax.faces.component.UIInput.getValue(UIInput.java:293)
		at com.sun.faces.renderkit.html_basic.HtmlBasicInputRenderer.getValue(HtmlBasicInputRenderer.java:205)
		at com.sun.faces.renderkit.html_basic.HtmlBasicRenderer.getCurrentValue(HtmlBasicRenderer.java:355)
		at com.sun.faces.renderkit.html_basic.HtmlBasicRenderer.encodeEnd(HtmlBasicRenderer.java:164)
		at javax.faces.component.UIComponentBase.encodeEnd(UIComponentBase.java:920)
		at com.sun.faces.renderkit.html_basic.HtmlBasicRenderer.encodeRecursive(HtmlBasicRenderer.java:312)
		at com.sun.faces.renderkit.html_basic.GridRenderer.renderRow(GridRenderer.java:185)
		at com.sun.faces.renderkit.html_basic.GridRenderer.encodeChildren(GridRenderer.java:129)
		at javax.faces.component.UIComponentBase.encodeChildren(UIComponentBase.java:890)
		at javax.faces.component.UIComponent.encodeAll(UIComponent.java:1856)
		at javax.faces.render.Renderer.encodeChildren(Renderer.java:176)
		at javax.faces.component.UIComponentBase.encodeChildren(UIComponentBase.java:890)
		at javax.faces.component.UIComponent.encodeAll(UIComponent.java:1856)
		at javax.faces.component.UIComponent.encodeAll(UIComponent.java:1859)
		at com.sun.faces.application.view.FaceletViewHandlingStrategy.renderView(FaceletViewHandlingStrategy.java:456)
		at com.sun.faces.application.view.MultiViewHandler.renderView(MultiViewHandler.java:134)
		at com.sun.faces.lifecycle.RenderResponsePhase.execute(RenderResponsePhase.java:120)
		at com.sun.faces.lifecycle.Phase.doPhase(Phase.java:101)
		at com.sun.faces.lifecycle.LifecycleImpl.render(LifecycleImpl.java:219)
		at javax.faces.webapp.FacesServlet.service(FacesServlet.java:659)
		at org.apache.catalina.core.ApplicationFilterChain.internalDoFilter(ApplicationFilterChain.java:212)
		at org.apache.catalina.core.ApplicationFilterChain.doFilter(ApplicationFilterChain.java:156)
		at org.apache.tomcat.websocket.server.WsFilter.doFilter(WsFilter.java:51)
		at org.apache.catalina.core.ApplicationFilterChain.internalDoFilter(ApplicationFilterChain.java:181)
		at org.apache.catalina.core.ApplicationFilterChain.doFilter(ApplicationFilterChain.java:156)
		at org.apache.catalina.core.StandardWrapperValve.invoke(StandardWrapperValve.java:168)
		at org.apache.catalina.core.StandardContextValve.invoke(StandardContextValve.java:90)
		at org.apache.catalina.authenticator.AuthenticatorBase.invoke(AuthenticatorBase.java:483)
		at org.apache.catalina.core.StandardHostValve.invoke(StandardHostValve.java:130)
		at org.apache.catalina.valves.ErrorReportValve.invoke(ErrorReportValve.java:93)
		at org.apache.catalina.valves.AbstractAccessLogValve.invoke(AbstractAccessLogValve.java:679)
		at org.apache.catalina.core.StandardEngineValve.invoke(StandardEngineValve.java:74)
		at org.apache.catalina.connector.CoyoteAdapter.service(CoyoteAdapter.java:343)
		at org.apache.coyote.http11.Http11Processor.service(Http11Processor.java:617)
		at org.apache.coyote.AbstractProcessorLight.process(AbstractProcessorLight.java:63)
		at org.apache.coyote.AbstractProtocol$ConnectionHandler.process(AbstractProtocol.java:932)
		at org.apache.tomcat.util.net.NioEndpoint$SocketProcessor.doRun(NioEndpoint.java:1694)
		at org.apache.tomcat.util.net.SocketProcessorBase.run(SocketProcessorBase.java:52)
		at org.apache.tomcat.util.threads.ThreadPoolExecutor.runWorker(ThreadPoolExecutor.java:1191)
		at org.apache.tomcat.util.threads.ThreadPoolExecutor$Worker.run(ThreadPoolExecutor.java:659)
		at org.apache.tomcat.util.threads.TaskThread$WrappingRunnable.run(TaskThread.java:61)
		at java.base/java.lang.Thread.run(Thread.java:833)
29-Dec-2023 23:34:59.260 SEVERE [http-nio-8082-exec-4] org.apache.catalina.core.StandardWrapperValve.invoke Servlet.service() for servlet [Faces Servlet] in context with path [/MyWebApplication] threw exception [/addSale.xhtml @18,60 value="#{saleController.productsId}": Property [productsId] not found on type [controller.SaleController]] with root cause
	javax.el.PropertyNotFoundException: Property [productsId] not found on type [controller.SaleController]
		at javax.el.BeanELResolver$BeanProperties.get(BeanELResolver.java:257)
		at javax.el.BeanELResolver$BeanProperties.access$300(BeanELResolver.java:210)
		at javax.el.BeanELResolver.property(BeanELResolver.java:326)
		at javax.el.BeanELResolver.getValue(BeanELResolver.java:97)
		at com.sun.faces.el.DemuxCompositeELResolver._getValue(DemuxCompositeELResolver.java:176)
		at com.sun.faces.el.DemuxCompositeELResolver.getValue(DemuxCompositeELResolver.java:203)
		at org.apache.el.parser.AstValue.getValue(AstValue.java:168)
		at org.apache.el.ValueExpressionImpl.getValue(ValueExpressionImpl.java:189)
		at com.sun.faces.facelets.el.TagValueExpression.getValue(TagValueExpression.java:109)
		at javax.faces.component.ComponentStateHelper.eval(ComponentStateHelper.java:194)
		at javax.faces.component.ComponentStateHelper.eval(ComponentStateHelper.java:182)
		at javax.faces.component.UIOutput.getValue(UIOutput.java:174)
		at javax.faces.component.UIInput.getValue(UIInput.java:293)
		at com.sun.faces.renderkit.html_basic.HtmlBasicInputRenderer.getValue(HtmlBasicInputRenderer.java:205)
		at com.sun.faces.renderkit.html_basic.HtmlBasicRenderer.getCurrentValue(HtmlBasicRenderer.java:355)
		at com.sun.faces.renderkit.html_basic.HtmlBasicRenderer.encodeEnd(HtmlBasicRenderer.java:164)
		at javax.faces.component.UIComponentBase.encodeEnd(UIComponentBase.java:920)
		at com.sun.faces.renderkit.html_basic.HtmlBasicRenderer.encodeRecursive(HtmlBasicRenderer.java:312)
		at com.sun.faces.renderkit.html_basic.GridRenderer.renderRow(GridRenderer.java:185)
		at com.sun.faces.renderkit.html_basic.GridRenderer.encodeChildren(GridRenderer.java:129)
		at javax.faces.component.UIComponentBase.encodeChildren(UIComponentBase.java:890)
		at javax.faces.component.UIComponent.encodeAll(UIComponent.java:1856)
		at javax.faces.render.Renderer.encodeChildren(Renderer.java:176)
		at javax.faces.component.UIComponentBase.encodeChildren(UIComponentBase.java:890)
		at javax.faces.component.UIComponent.encodeAll(UIComponent.java:1856)
		at javax.faces.component.UIComponent.encodeAll(UIComponent.java:1859)
		at com.sun.faces.application.view.FaceletViewHandlingStrategy.renderView(FaceletViewHandlingStrategy.java:456)
		at com.sun.faces.application.view.MultiViewHandler.renderView(MultiViewHandler.java:134)
		at com.sun.faces.lifecycle.RenderResponsePhase.execute(RenderResponsePhase.java:120)
		at com.sun.faces.lifecycle.Phase.doPhase(Phase.java:101)
		at com.sun.faces.lifecycle.LifecycleImpl.render(LifecycleImpl.java:219)
		at javax.faces.webapp.FacesServlet.service(FacesServlet.java:659)
		at org.apache.catalina.core.ApplicationFilterChain.internalDoFilter(ApplicationFilterChain.java:212)
		at org.apache.catalina.core.ApplicationFilterChain.doFilter(ApplicationFilterChain.java:156)
		at org.apache.tomcat.websocket.server.WsFilter.doFilter(WsFilter.java:51)
		at org.apache.catalina.core.ApplicationFilterChain.internalDoFilter(ApplicationFilterChain.java:181)
		at org.apache.catalina.core.ApplicationFilterChain.doFilter(ApplicationFilterChain.java:156)
		at org.apache.catalina.core.StandardWrapperValve.invoke(StandardWrapperValve.java:168)
		at org.apache.catalina.core.StandardContextValve.invoke(StandardContextValve.java:90)
		at org.apache.catalina.authenticator.AuthenticatorBase.invoke(AuthenticatorBase.java:483)
		at org.apache.catalina.core.StandardHostValve.invoke(StandardHostValve.java:130)
		at org.apache.catalina.valves.ErrorReportValve.invoke(ErrorReportValve.java:93)
		at org.apache.catalina.valves.AbstractAccessLogValve.invoke(AbstractAccessLogValve.java:679)
		at org.apache.catalina.core.StandardEngineValve.invoke(StandardEngineValve.java:74)
		at org.apache.catalina.connector.CoyoteAdapter.service(CoyoteAdapter.java:343)
		at org.apache.coyote.http11.Http11Processor.service(Http11Processor.java:617)
		at org.apache.coyote.AbstractProcessorLight.process(AbstractProcessorLight.java:63)
		at org.apache.coyote.AbstractProtocol$ConnectionHandler.process(AbstractProtocol.java:932)
		at org.apache.tomcat.util.net.NioEndpoint$SocketProcessor.doRun(NioEndpoint.java:1694)
		at org.apache.tomcat.util.net.SocketProcessorBase.run(SocketProcessorBase.java:52)
		at org.apache.tomcat.util.threads.ThreadPoolExecutor.runWorker(ThreadPoolExecutor.java:1191)
		at org.apache.tomcat.util.threads.ThreadPoolExecutor$Worker.run(ThreadPoolExecutor.java:659)
		at org.apache.tomcat.util.threads.TaskThread$WrappingRunnable.run(TaskThread.java:61)
		at java.base/java.lang.Thread.run(Thread.java:833)
29-Dec-2023 23:35:42.171 SEVERE [http-nio-8082-exec-5] org.apache.catalina.core.StandardWrapperValve.invoke Servlet.service() for servlet [Faces Servlet] in context with path [/MyWebApplication] threw exception [/addSale.xhtml @15,59 value="#{s.saleController.buyerId}": Target Unreachable, identifier [s] resolved to null] with root cause
	javax.el.PropertyNotFoundException: Target Unreachable, identifier [s] resolved to null
		at org.apache.el.parser.AstValue.getTarget(AstValue.java:73)
		at org.apache.el.parser.AstValue.getType(AstValue.java:57)
		at org.apache.el.ValueExpressionImpl.getType(ValueExpressionImpl.java:173)
		at com.sun.faces.facelets.el.TagValueExpression.getType(TagValueExpression.java:98)
		at com.sun.faces.renderkit.html_basic.HtmlBasicInputRenderer.getConvertedValue(HtmlBasicInputRenderer.java:95)
		at javax.faces.component.UIInput.getConvertedValue(UIInput.java:1067)
		at javax.faces.component.UIInput.validate(UIInput.java:981)
		at javax.faces.component.UIInput.executeValidate(UIInput.java:1270)
		at javax.faces.component.UIInput.processValidators(UIInput.java:714)
		at javax.faces.component.UIComponentBase.processValidators(UIComponentBase.java:1261)
		at javax.faces.component.UIForm.processValidators(UIForm.java:253)
		at javax.faces.component.UIComponentBase.processValidators(UIComponentBase.java:1261)
		at javax.faces.component.UIViewRoot.processValidators(UIViewRoot.java:1195)
		at com.sun.faces.lifecycle.ProcessValidationsPhase.execute(ProcessValidationsPhase.java:76)
		at com.sun.faces.lifecycle.Phase.doPhase(Phase.java:101)
		at com.sun.faces.lifecycle.LifecycleImpl.execute(LifecycleImpl.java:198)
		at javax.faces.webapp.FacesServlet.service(FacesServlet.java:658)
		at org.apache.catalina.core.ApplicationFilterChain.internalDoFilter(ApplicationFilterChain.java:212)
		at org.apache.catalina.core.ApplicationFilterChain.doFilter(ApplicationFilterChain.java:156)
		at org.apache.tomcat.websocket.server.WsFilter.doFilter(WsFilter.java:51)
		at org.apache.catalina.core.ApplicationFilterChain.internalDoFilter(ApplicationFilterChain.java:181)
		at org.apache.catalina.core.ApplicationFilterChain.doFilter(ApplicationFilterChain.java:156)
		at org.apache.catalina.core.StandardWrapperValve.invoke(StandardWrapperValve.java:168)
		at org.apache.catalina.core.StandardContextValve.invoke(StandardContextValve.java:90)
		at org.apache.catalina.authenticator.AuthenticatorBase.invoke(AuthenticatorBase.java:483)
		at org.apache.catalina.core.StandardHostValve.invoke(StandardHostValve.java:130)
		at org.apache.catalina.valves.ErrorReportValve.invoke(ErrorReportValve.java:93)
		at org.apache.catalina.valves.AbstractAccessLogValve.invoke(AbstractAccessLogValve.java:679)
		at org.apache.catalina.core.StandardEngineValve.invoke(StandardEngineValve.java:74)
		at org.apache.catalina.connector.CoyoteAdapter.service(CoyoteAdapter.java:343)
		at org.apache.coyote.http11.Http11Processor.service(Http11Processor.java:617)
		at org.apache.coyote.AbstractProcessorLight.process(AbstractProcessorLight.java:63)
		at org.apache.coyote.AbstractProtocol$ConnectionHandler.process(AbstractProtocol.java:932)
		at org.apache.tomcat.util.net.NioEndpoint$SocketProcessor.doRun(NioEndpoint.java:1694)
		at org.apache.tomcat.util.net.SocketProcessorBase.run(SocketProcessorBase.java:52)
		at org.apache.tomcat.util.threads.ThreadPoolExecutor.runWorker(ThreadPoolExecutor.java:1191)
		at org.apache.tomcat.util.threads.ThreadPoolExecutor$Worker.run(ThreadPoolExecutor.java:659)
		at org.apache.tomcat.util.threads.TaskThread$WrappingRunnable.run(TaskThread.java:61)
		at java.base/java.lang.Thread.run(Thread.java:833)
29-Dec-2023 23:37:14.832 SEVERE [http-nio-8082-exec-6] org.apache.catalina.core.StandardWrapperValve.invoke Servlet.service() for servlet [Faces Servlet] in context with path [/MyWebApplication] threw exception [/addSale.xhtml @15,60 value="#{s.buyerController.buyerId}": Target Unreachable, identifier [s] resolved to null] with root cause
	javax.el.PropertyNotFoundException: Target Unreachable, identifier [s] resolved to null
		at org.apache.el.parser.AstValue.getTarget(AstValue.java:73)
		at org.apache.el.parser.AstValue.getType(AstValue.java:57)
		at org.apache.el.ValueExpressionImpl.getType(ValueExpressionImpl.java:173)
		at com.sun.faces.facelets.el.TagValueExpression.getType(TagValueExpression.java:98)
		at com.sun.faces.renderkit.html_basic.HtmlBasicInputRenderer.getConvertedValue(HtmlBasicInputRenderer.java:95)
		at javax.faces.component.UIInput.getConvertedValue(UIInput.java:1067)
		at javax.faces.component.UIInput.validate(UIInput.java:981)
		at javax.faces.component.UIInput.executeValidate(UIInput.java:1270)
		at javax.faces.component.UIInput.processValidators(UIInput.java:714)
		at javax.faces.component.UIComponentBase.processValidators(UIComponentBase.java:1261)
		at javax.faces.component.UIForm.processValidators(UIForm.java:253)
		at javax.faces.component.UIComponentBase.processValidators(UIComponentBase.java:1261)
		at javax.faces.component.UIViewRoot.processValidators(UIViewRoot.java:1195)
		at com.sun.faces.lifecycle.ProcessValidationsPhase.execute(ProcessValidationsPhase.java:76)
		at com.sun.faces.lifecycle.Phase.doPhase(Phase.java:101)
		at com.sun.faces.lifecycle.LifecycleImpl.execute(LifecycleImpl.java:198)
		at javax.faces.webapp.FacesServlet.service(FacesServlet.java:658)
		at org.apache.catalina.core.ApplicationFilterChain.internalDoFilter(ApplicationFilterChain.java:212)
		at org.apache.catalina.core.ApplicationFilterChain.doFilter(ApplicationFilterChain.java:156)
		at org.apache.tomcat.websocket.server.WsFilter.doFilter(WsFilter.java:51)
		at org.apache.catalina.core.ApplicationFilterChain.internalDoFilter(ApplicationFilterChain.java:181)
		at org.apache.catalina.core.ApplicationFilterChain.doFilter(ApplicationFilterChain.java:156)
		at org.apache.catalina.core.StandardWrapperValve.invoke(StandardWrapperValve.java:168)
		at org.apache.catalina.core.StandardContextValve.invoke(StandardContextValve.java:90)
		at org.apache.catalina.authenticator.AuthenticatorBase.invoke(AuthenticatorBase.java:483)
		at org.apache.catalina.core.StandardHostValve.invoke(StandardHostValve.java:130)
		at org.apache.catalina.valves.ErrorReportValve.invoke(ErrorReportValve.java:93)
		at org.apache.catalina.valves.AbstractAccessLogValve.invoke(AbstractAccessLogValve.java:679)
		at org.apache.catalina.core.StandardEngineValve.invoke(StandardEngineValve.java:74)
		at org.apache.catalina.connector.CoyoteAdapter.service(CoyoteAdapter.java:343)
		at org.apache.coyote.http11.Http11Processor.service(Http11Processor.java:617)
		at org.apache.coyote.AbstractProcessorLight.process(AbstractProcessorLight.java:63)
		at org.apache.coyote.AbstractProtocol$ConnectionHandler.process(AbstractProtocol.java:932)
		at org.apache.tomcat.util.net.NioEndpoint$SocketProcessor.doRun(NioEndpoint.java:1694)
		at org.apache.tomcat.util.net.SocketProcessorBase.run(SocketProcessorBase.java:52)
		at org.apache.tomcat.util.threads.ThreadPoolExecutor.runWorker(ThreadPoolExecutor.java:1191)
		at org.apache.tomcat.util.threads.ThreadPoolExecutor$Worker.run(ThreadPoolExecutor.java:659)
		at org.apache.tomcat.util.threads.TaskThread$WrappingRunnable.run(TaskThread.java:61)
		at java.base/java.lang.Thread.run(Thread.java:833)
