24-Jan-2024 16:28:54.517 SEVERE [http-nio-8080-exec-5] org.apache.catalina.core.StandardWrapperValve.invoke Servlet.service() for servlet [Faces Servlet] in context with path [/MyWebApplication] threw exception [Cannot invoke "entities.Product.getQuantity()" because "this.product" is null] with root cause
	java.lang.NullPointerException: Cannot invoke "entities.Product.getQuantity()" because "this.product" is null
		at controller.SaleController.shoppingCart(SaleController.java:207)
		at java.base/jdk.internal.reflect.NativeMethodAccessorImpl.invoke0(Native Method)
		at java.base/jdk.internal.reflect.NativeMethodAccessorImpl.invoke(NativeMethodAccessorImpl.java:64)
		at java.base/jdk.internal.reflect.DelegatingMethodAccessorImpl.invoke(DelegatingMethodAccessorImpl.java:43)
		at java.base/java.lang.reflect.Method.invoke(Method.java:564)
		at javax.el.BeanELResolver.invoke(BeanELResolver.java:156)
		at javax.el.CompositeELResolver.invoke(CompositeELResolver.java:75)
		at org.apache.el.parser.AstValue.getValue(AstValue.java:158)
		at org.apache.el.ValueExpressionImpl.getValue(ValueExpressionImpl.java:189)
		at com.sun.faces.facelets.el.ELText$ELTextVariable.toString(ELText.java:228)
		at com.sun.faces.facelets.el.ELText$ELTextComposite.toString(ELText.java:161)
		at com.sun.faces.facelets.compiler.CommentInstruction.write(CommentInstruction.java:77)
		at com.sun.faces.facelets.compiler.UIInstructions.encodeBegin(UIInstructions.java:82)
		at com.sun.faces.facelets.compiler.UILeaf.encodeAll(UILeaf.java:183)
		at javax.faces.render.Renderer.encodeChildren(Renderer.java:176)
		at javax.faces.component.UIComponentBase.encodeChildren(UIComponentBase.java:890)
		at javax.faces.component.UIComponent.encodeAll(UIComponent.java:1856)
		at javax.faces.component.UIComponent.encodeAll(UIComponent.java:1859)
		at com.sun.faces.application.view.FaceletViewHandlingStrategy.renderView(FaceletViewHandlingStrategy.java:456)
		at com.sun.faces.application.view.MultiViewHandler.renderView(MultiViewHandler.java:134)
		at com.sun.faces.lifecycle.RenderResponsePhase.execute(RenderResponsePhase.java:120)
		at com.sun.faces.lifecycle.Phase.doPhase(Phase.java:101)
		at com.sun.faces.lifecycle.LifecycleImpl.render(LifecycleImpl.java:219)
		at javax.faces.webapp.FacesServlet.service(FacesServlet.java:659)
		at org.apache.catalina.core.ApplicationFilterChain.internalDoFilter(ApplicationFilterChain.java:212)
		at org.apache.catalina.core.ApplicationFilterChain.doFilter(ApplicationFilterChain.java:156)
		at org.apache.tomcat.websocket.server.WsFilter.doFilter(WsFilter.java:51)
		at org.apache.catalina.core.ApplicationFilterChain.internalDoFilter(ApplicationFilterChain.java:181)
		at org.apache.catalina.core.ApplicationFilterChain.doFilter(ApplicationFilterChain.java:156)
		at org.apache.catalina.core.StandardWrapperValve.invoke(StandardWrapperValve.java:168)
		at org.apache.catalina.core.StandardContextValve.invoke(StandardContextValve.java:90)
		at org.apache.catalina.authenticator.AuthenticatorBase.invoke(AuthenticatorBase.java:483)
		at org.apache.catalina.core.StandardHostValve.invoke(StandardHostValve.java:130)
		at org.apache.catalina.valves.ErrorReportValve.invoke(ErrorReportValve.java:93)
		at org.apache.catalina.valves.AbstractAccessLogValve.invoke(AbstractAccessLogValve.java:679)
		at org.apache.catalina.core.StandardEngineValve.invoke(StandardEngineValve.java:74)
		at org.apache.catalina.connector.CoyoteAdapter.service(CoyoteAdapter.java:343)
		at org.apache.coyote.http11.Http11Processor.service(Http11Processor.java:617)
		at org.apache.coyote.AbstractProcessorLight.process(AbstractProcessorLight.java:63)
		at org.apache.coyote.AbstractProtocol$ConnectionHandler.process(AbstractProtocol.java:932)
		at org.apache.tomcat.util.net.NioEndpoint$SocketProcessor.doRun(NioEndpoint.java:1694)
		at org.apache.tomcat.util.net.SocketProcessorBase.run(SocketProcessorBase.java:52)
		at org.apache.tomcat.util.threads.ThreadPoolExecutor.runWorker(ThreadPoolExecutor.java:1191)
		at org.apache.tomcat.util.threads.ThreadPoolExecutor$Worker.run(ThreadPoolExecutor.java:659)
		at org.apache.tomcat.util.threads.TaskThread$WrappingRunnable.run(TaskThread.java:61)
		at java.base/java.lang.Thread.run(Thread.java:832)
24-Jan-2024 16:30:47.590 SEVERE [http-nio-8080-exec-1] org.apache.catalina.core.StandardWrapperValve.invoke Servlet.service() for servlet [Faces Servlet] in context with path [/MyWebApplication] threw exception [Cannot invoke "entities.Product.getQuantity()" because "this.product" is null] with root cause
	java.lang.NullPointerException: Cannot invoke "entities.Product.getQuantity()" because "this.product" is null
		at controller.SaleController.shoppingCart(SaleController.java:207)
		at java.base/jdk.internal.reflect.NativeMethodAccessorImpl.invoke0(Native Method)
		at java.base/jdk.internal.reflect.NativeMethodAccessorImpl.invoke(NativeMethodAccessorImpl.java:77)
		at java.base/jdk.internal.reflect.DelegatingMethodAccessorImpl.invoke(DelegatingMethodAccessorImpl.java:43)
		at java.base/java.lang.reflect.Method.invoke(Method.java:568)
		at javax.el.BeanELResolver.invoke(BeanELResolver.java:156)
		at javax.el.CompositeELResolver.invoke(CompositeELResolver.java:75)
		at org.apache.el.parser.AstValue.getValue(AstValue.java:158)
		at org.apache.el.ValueExpressionImpl.getValue(ValueExpressionImpl.java:189)
		at com.sun.faces.facelets.el.ELText$ELTextVariable.toString(ELText.java:228)
		at com.sun.faces.facelets.el.ELText$ELTextComposite.toString(ELText.java:161)
		at com.sun.faces.facelets.compiler.CommentInstruction.write(CommentInstruction.java:77)
		at com.sun.faces.facelets.compiler.UIInstructions.encodeBegin(UIInstructions.java:82)
		at com.sun.faces.facelets.compiler.UILeaf.encodeAll(UILeaf.java:183)
		at javax.faces.render.Renderer.encodeChildren(Renderer.java:176)
		at javax.faces.component.UIComponentBase.encodeChildren(UIComponentBase.java:890)
		at javax.faces.component.UIComponent.encodeAll(UIComponent.java:1856)
		at javax.faces.component.UIComponent.encodeAll(UIComponent.java:1859)
		at com.sun.faces.application.view.FaceletViewHandlingStrategy.renderView(FaceletViewHandlingStrategy.java:456)
		at com.sun.faces.application.view.MultiViewHandler.renderView(MultiViewHandler.java:134)
		at com.sun.faces.lifecycle.RenderResponsePhase.execute(RenderResponsePhase.java:120)
		at com.sun.faces.lifecycle.Phase.doPhase(Phase.java:101)
		at com.sun.faces.lifecycle.LifecycleImpl.render(LifecycleImpl.java:219)
		at javax.faces.webapp.FacesServlet.service(FacesServlet.java:659)
		at org.apache.catalina.core.ApplicationFilterChain.internalDoFilter(ApplicationFilterChain.java:212)
		at org.apache.catalina.core.ApplicationFilterChain.doFilter(ApplicationFilterChain.java:156)
		at org.apache.tomcat.websocket.server.WsFilter.doFilter(WsFilter.java:51)
		at org.apache.catalina.core.ApplicationFilterChain.internalDoFilter(ApplicationFilterChain.java:181)
		at org.apache.catalina.core.ApplicationFilterChain.doFilter(ApplicationFilterChain.java:156)
		at org.apache.catalina.core.StandardWrapperValve.invoke(StandardWrapperValve.java:168)
		at org.apache.catalina.core.StandardContextValve.invoke(StandardContextValve.java:90)
		at org.apache.catalina.authenticator.AuthenticatorBase.invoke(AuthenticatorBase.java:483)
		at org.apache.catalina.core.StandardHostValve.invoke(StandardHostValve.java:130)
		at org.apache.catalina.valves.ErrorReportValve.invoke(ErrorReportValve.java:93)
		at org.apache.catalina.valves.AbstractAccessLogValve.invoke(AbstractAccessLogValve.java:679)
		at org.apache.catalina.core.StandardEngineValve.invoke(StandardEngineValve.java:74)
		at org.apache.catalina.connector.CoyoteAdapter.service(CoyoteAdapter.java:343)
		at org.apache.coyote.http11.Http11Processor.service(Http11Processor.java:617)
		at org.apache.coyote.AbstractProcessorLight.process(AbstractProcessorLight.java:63)
		at org.apache.coyote.AbstractProtocol$ConnectionHandler.process(AbstractProtocol.java:932)
		at org.apache.tomcat.util.net.NioEndpoint$SocketProcessor.doRun(NioEndpoint.java:1694)
		at org.apache.tomcat.util.net.SocketProcessorBase.run(SocketProcessorBase.java:52)
		at org.apache.tomcat.util.threads.ThreadPoolExecutor.runWorker(ThreadPoolExecutor.java:1191)
		at org.apache.tomcat.util.threads.ThreadPoolExecutor$Worker.run(ThreadPoolExecutor.java:659)
		at org.apache.tomcat.util.threads.TaskThread$WrappingRunnable.run(TaskThread.java:61)
		at java.base/java.lang.Thread.run(Thread.java:833)
24-Jan-2024 22:56:52.509 SEVERE [http-nio-8080-exec-5] org.apache.catalina.core.StandardWrapperValve.invoke Servlet.service() for servlet [Faces Servlet] in context with path [/MyWebApplication] threw exception [Cannot invoke "entities.Product.getQuantity()" because "this.product" is null] with root cause
	java.lang.NullPointerException: Cannot invoke "entities.Product.getQuantity()" because "this.product" is null
		at controller.SaleController.shoppingCart(SaleController.java:207)
		at java.base/jdk.internal.reflect.NativeMethodAccessorImpl.invoke0(Native Method)
		at java.base/jdk.internal.reflect.NativeMethodAccessorImpl.invoke(NativeMethodAccessorImpl.java:77)
		at java.base/jdk.internal.reflect.DelegatingMethodAccessorImpl.invoke(DelegatingMethodAccessorImpl.java:43)
		at java.base/java.lang.reflect.Method.invoke(Method.java:568)
		at javax.el.BeanELResolver.invoke(BeanELResolver.java:156)
		at javax.el.CompositeELResolver.invoke(CompositeELResolver.java:75)
		at org.apache.el.parser.AstValue.getValue(AstValue.java:158)
		at org.apache.el.ValueExpressionImpl.getValue(ValueExpressionImpl.java:189)
		at com.sun.faces.facelets.el.ELText$ELTextVariable.toString(ELText.java:228)
		at com.sun.faces.facelets.el.ELText$ELTextComposite.toString(ELText.java:161)
		at com.sun.faces.facelets.compiler.CommentInstruction.write(CommentInstruction.java:77)
		at com.sun.faces.facelets.compiler.UIInstructions.encodeBegin(UIInstructions.java:82)
		at com.sun.faces.facelets.compiler.UILeaf.encodeAll(UILeaf.java:183)
		at javax.faces.render.Renderer.encodeChildren(Renderer.java:176)
		at javax.faces.component.UIComponentBase.encodeChildren(UIComponentBase.java:890)
		at javax.faces.component.UIComponent.encodeAll(UIComponent.java:1856)
		at javax.faces.component.UIComponent.encodeAll(UIComponent.java:1859)
		at com.sun.faces.application.view.FaceletViewHandlingStrategy.renderView(FaceletViewHandlingStrategy.java:456)
		at com.sun.faces.application.view.MultiViewHandler.renderView(MultiViewHandler.java:134)
		at com.sun.faces.lifecycle.RenderResponsePhase.execute(RenderResponsePhase.java:120)
		at com.sun.faces.lifecycle.Phase.doPhase(Phase.java:101)
		at com.sun.faces.lifecycle.LifecycleImpl.render(LifecycleImpl.java:219)
		at javax.faces.webapp.FacesServlet.service(FacesServlet.java:659)
		at org.apache.catalina.core.ApplicationFilterChain.internalDoFilter(ApplicationFilterChain.java:212)
		at org.apache.catalina.core.ApplicationFilterChain.doFilter(ApplicationFilterChain.java:156)
		at org.apache.tomcat.websocket.server.WsFilter.doFilter(WsFilter.java:51)
		at org.apache.catalina.core.ApplicationFilterChain.internalDoFilter(ApplicationFilterChain.java:181)
		at org.apache.catalina.core.ApplicationFilterChain.doFilter(ApplicationFilterChain.java:156)
		at org.apache.catalina.core.StandardWrapperValve.invoke(StandardWrapperValve.java:168)
		at org.apache.catalina.core.StandardContextValve.invoke(StandardContextValve.java:90)
		at org.apache.catalina.authenticator.AuthenticatorBase.invoke(AuthenticatorBase.java:483)
		at org.apache.catalina.core.StandardHostValve.invoke(StandardHostValve.java:130)
		at org.apache.catalina.valves.ErrorReportValve.invoke(ErrorReportValve.java:93)
		at org.apache.catalina.valves.AbstractAccessLogValve.invoke(AbstractAccessLogValve.java:679)
		at org.apache.catalina.core.StandardEngineValve.invoke(StandardEngineValve.java:74)
		at org.apache.catalina.connector.CoyoteAdapter.service(CoyoteAdapter.java:343)
		at org.apache.coyote.http11.Http11Processor.service(Http11Processor.java:617)
		at org.apache.coyote.AbstractProcessorLight.process(AbstractProcessorLight.java:63)
		at org.apache.coyote.AbstractProtocol$ConnectionHandler.process(AbstractProtocol.java:932)
		at org.apache.tomcat.util.net.NioEndpoint$SocketProcessor.doRun(NioEndpoint.java:1694)
		at org.apache.tomcat.util.net.SocketProcessorBase.run(SocketProcessorBase.java:52)
		at org.apache.tomcat.util.threads.ThreadPoolExecutor.runWorker(ThreadPoolExecutor.java:1191)
		at org.apache.tomcat.util.threads.ThreadPoolExecutor$Worker.run(ThreadPoolExecutor.java:659)
		at org.apache.tomcat.util.threads.TaskThread$WrappingRunnable.run(TaskThread.java:61)
		at java.base/java.lang.Thread.run(Thread.java:833)
24-Jan-2024 22:59:49.301 SEVERE [http-nio-8080-exec-5] org.apache.catalina.core.StandardWrapperValve.invoke Servlet.service() for servlet [Faces Servlet] in context with path [/MyWebApplication] threw exception [Cannot invoke "entities.Product.getQuantity()" because "this.product" is null] with root cause
	java.lang.NullPointerException: Cannot invoke "entities.Product.getQuantity()" because "this.product" is null
		at controller.SaleController.shoppingCart(SaleController.java:207)
		at java.base/jdk.internal.reflect.NativeMethodAccessorImpl.invoke0(Native Method)
		at java.base/jdk.internal.reflect.NativeMethodAccessorImpl.invoke(NativeMethodAccessorImpl.java:77)
		at java.base/jdk.internal.reflect.DelegatingMethodAccessorImpl.invoke(DelegatingMethodAccessorImpl.java:43)
		at java.base/java.lang.reflect.Method.invoke(Method.java:568)
		at javax.el.BeanELResolver.invoke(BeanELResolver.java:156)
		at javax.el.CompositeELResolver.invoke(CompositeELResolver.java:75)
		at org.apache.el.parser.AstValue.getValue(AstValue.java:158)
		at org.apache.el.ValueExpressionImpl.getValue(ValueExpressionImpl.java:189)
		at com.sun.faces.facelets.el.ELText$ELTextVariable.toString(ELText.java:228)
		at com.sun.faces.facelets.el.ELText$ELTextComposite.toString(ELText.java:161)
		at com.sun.faces.facelets.compiler.CommentInstruction.write(CommentInstruction.java:77)
		at com.sun.faces.facelets.compiler.UIInstructions.encodeBegin(UIInstructions.java:82)
		at com.sun.faces.facelets.compiler.UILeaf.encodeAll(UILeaf.java:183)
		at javax.faces.render.Renderer.encodeChildren(Renderer.java:176)
		at javax.faces.component.UIComponentBase.encodeChildren(UIComponentBase.java:890)
		at javax.faces.component.UIComponent.encodeAll(UIComponent.java:1856)
		at javax.faces.component.UIComponent.encodeAll(UIComponent.java:1859)
		at com.sun.faces.application.view.FaceletViewHandlingStrategy.renderView(FaceletViewHandlingStrategy.java:456)
		at com.sun.faces.application.view.MultiViewHandler.renderView(MultiViewHandler.java:134)
		at com.sun.faces.lifecycle.RenderResponsePhase.execute(RenderResponsePhase.java:120)
		at com.sun.faces.lifecycle.Phase.doPhase(Phase.java:101)
		at com.sun.faces.lifecycle.LifecycleImpl.render(LifecycleImpl.java:219)
		at javax.faces.webapp.FacesServlet.service(FacesServlet.java:659)
		at org.apache.catalina.core.ApplicationFilterChain.internalDoFilter(ApplicationFilterChain.java:212)
		at org.apache.catalina.core.ApplicationFilterChain.doFilter(ApplicationFilterChain.java:156)
		at org.apache.tomcat.websocket.server.WsFilter.doFilter(WsFilter.java:51)
		at org.apache.catalina.core.ApplicationFilterChain.internalDoFilter(ApplicationFilterChain.java:181)
		at org.apache.catalina.core.ApplicationFilterChain.doFilter(ApplicationFilterChain.java:156)
		at org.apache.catalina.core.StandardWrapperValve.invoke(StandardWrapperValve.java:168)
		at org.apache.catalina.core.StandardContextValve.invoke(StandardContextValve.java:90)
		at org.apache.catalina.authenticator.AuthenticatorBase.invoke(AuthenticatorBase.java:483)
		at org.apache.catalina.core.StandardHostValve.invoke(StandardHostValve.java:130)
		at org.apache.catalina.valves.ErrorReportValve.invoke(ErrorReportValve.java:93)
		at org.apache.catalina.valves.AbstractAccessLogValve.invoke(AbstractAccessLogValve.java:679)
		at org.apache.catalina.core.StandardEngineValve.invoke(StandardEngineValve.java:74)
		at org.apache.catalina.connector.CoyoteAdapter.service(CoyoteAdapter.java:343)
		at org.apache.coyote.http11.Http11Processor.service(Http11Processor.java:617)
		at org.apache.coyote.AbstractProcessorLight.process(AbstractProcessorLight.java:63)
		at org.apache.coyote.AbstractProtocol$ConnectionHandler.process(AbstractProtocol.java:932)
		at org.apache.tomcat.util.net.NioEndpoint$SocketProcessor.doRun(NioEndpoint.java:1694)
		at org.apache.tomcat.util.net.SocketProcessorBase.run(SocketProcessorBase.java:52)
		at org.apache.tomcat.util.threads.ThreadPoolExecutor.runWorker(ThreadPoolExecutor.java:1191)
		at org.apache.tomcat.util.threads.ThreadPoolExecutor$Worker.run(ThreadPoolExecutor.java:659)
		at org.apache.tomcat.util.threads.TaskThread$WrappingRunnable.run(TaskThread.java:61)
		at java.base/java.lang.Thread.run(Thread.java:833)
